Determining if the pthread_create exist failed with the following output:
Change Dir: /tmp/tmp.1gctJ8S3W3/cmake-build-debug-remote-host/CMakeFiles/CMakeTmp

Run Build Command:"/usr/bin/gmake" "cmTC_213b6/fast"
/usr/bin/gmake -f CMakeFiles/cmTC_213b6.dir/build.make CMakeFiles/cmTC_213b6.dir/build
gmake[1]: Entering directory `/tmp/tmp.1gctJ8S3W3/cmake-build-debug-remote-host/CMakeFiles/CMakeTmp'
Building C object CMakeFiles/cmTC_213b6.dir/CheckSymbolExists.c.o
/usr/bin/cc    -fPIC    -o CMakeFiles/cmTC_213b6.dir/CheckSymbolExists.c.o   -c /tmp/tmp.1gctJ8S3W3/cmake-build-debug-remote-host/CMakeFiles/CMakeTmp/CheckSymbolExists.c
Linking C executable cmTC_213b6
/usr/bin/cmake -E cmake_link_script CMakeFiles/cmTC_213b6.dir/link.txt --verbose=1
/usr/bin/cc  -fPIC     CMakeFiles/cmTC_213b6.dir/CheckSymbolExists.c.o  -o cmTC_213b6 -rdynamic 
CMakeFiles/cmTC_213b6.dir/CheckSymbolExists.c.o: In function `main':
CheckSymbolExists.c:(.text+0x1b): undefined reference to `pthread_create'
collect2: error: ld returned 1 exit status
gmake[1]: *** [cmTC_213b6] Error 1
gmake[1]: Leaving directory `/tmp/tmp.1gctJ8S3W3/cmake-build-debug-remote-host/CMakeFiles/CMakeTmp'
gmake: *** [cmTC_213b6/fast] Error 2

File /tmp/tmp.1gctJ8S3W3/cmake-build-debug-remote-host/CMakeFiles/CMakeTmp/CheckSymbolExists.c:
/* */
#include <pthread.h>

int main(int argc, char** argv)
{
  (void)argv;
#ifndef pthread_create
  return ((int*)(&pthread_create))[argc];
#else
  (void)argc;
  return 0;
#endif
}

Determining if the function pthread_create exists in the pthreads failed with the following output:
Change Dir: /tmp/tmp.1gctJ8S3W3/cmake-build-debug-remote-host/CMakeFiles/CMakeTmp

Run Build Command:"/usr/bin/gmake" "cmTC_a8da9/fast"
/usr/bin/gmake -f CMakeFiles/cmTC_a8da9.dir/build.make CMakeFiles/cmTC_a8da9.dir/build
gmake[1]: Entering directory `/tmp/tmp.1gctJ8S3W3/cmake-build-debug-remote-host/CMakeFiles/CMakeTmp'
Building C object CMakeFiles/cmTC_a8da9.dir/CheckFunctionExists.c.o
/usr/bin/cc    -fPIC -DCHECK_FUNCTION_EXISTS=pthread_create   -o CMakeFiles/cmTC_a8da9.dir/CheckFunctionExists.c.o   -c /usr/share/cmake-3.5/Modules/CheckFunctionExists.c
Linking C executable cmTC_a8da9
/usr/bin/cmake -E cmake_link_script CMakeFiles/cmTC_a8da9.dir/link.txt --verbose=1
/usr/bin/cc  -fPIC -DCHECK_FUNCTION_EXISTS=pthread_create    CMakeFiles/cmTC_a8da9.dir/CheckFunctionExists.c.o  -o cmTC_a8da9 -rdynamic -lpthreads 
/usr/bin/ld: cannot find -lpthreads
collect2: error: ld returned 1 exit status
gmake[1]: *** [cmTC_a8da9] Error 1
gmake[1]: Leaving directory `/tmp/tmp.1gctJ8S3W3/cmake-build-debug-remote-host/CMakeFiles/CMakeTmp'
gmake: *** [cmTC_a8da9/fast] Error 2


