This is pdfTeX, Version 3.14159265-2.6-1.40.19 (TeX Live 2018) (preloaded format=pdflatex 2018.11.22)  11 DEC 2018 11:39
entering extended mode
 restricted \write18 enabled.
 file:line:error style messages enabled.
 %&-line parsing enabled.
**main.tex
(./main.tex
LaTeX2e <2018-04-01> patch level 2
Babel <3.18> and hyphenation patterns for 84 language(s) loaded.
(./vldb.cls (/usr/local/texlive/2018/texmf-dist/tex/latex/geometry/geometry.sty
Package: geometry 2018/03/24 v5.7 Page Geometry
(/usr/local/texlive/2018/texmf-dist/tex/latex/graphics/keyval.sty
Package: keyval 2014/10/28 v1.15 key=value parser (DPC)
\KV@toks@=\toks14
)
(/usr/local/texlive/2018/texmf-dist/tex/generic/oberdiek/ifpdf.sty
Package: ifpdf 2017/03/15 v3.2 Provides the ifpdf switch
)
(/usr/local/texlive/2018/texmf-dist/tex/generic/oberdiek/ifvtex.sty
Package: ifvtex 2016/05/16 v1.6 Detect VTeX and its facilities (HO)
Package ifvtex Info: VTeX not detected.
)
(/usr/local/texlive/2018/texmf-dist/tex/generic/ifxetex/ifxetex.sty
Package: ifxetex 2010/09/12 v0.6 Provides ifxetex conditional
)
\Gm@cnth=\count80
\Gm@cntv=\count81
\c@Gm@tempcnt=\count82
\Gm@bindingoffset=\dimen102
\Gm@wd@mp=\dimen103
\Gm@odd@mp=\dimen104
\Gm@even@mp=\dimen105
\Gm@layoutwidth=\dimen106
\Gm@layoutheight=\dimen107
\Gm@layouthoffset=\dimen108
\Gm@layoutvoffset=\dimen109
\Gm@dimlist=\toks15
)
(/usr/local/texlive/2018/texmf-dist/tex/latex/graphics/epsfig.sty
Package: epsfig 2017/06/25 v1.7b (e)psfig emulation (SPQR)

(/usr/local/texlive/2018/texmf-dist/tex/latex/graphics/graphicx.sty
Package: graphicx 2017/06/01 v1.1a Enhanced LaTeX Graphics (DPC,SPQR)

(/usr/local/texlive/2018/texmf-dist/tex/latex/graphics/graphics.sty
Package: graphics 2017/06/25 v1.2c Standard LaTeX Graphics (DPC,SPQR)

(/usr/local/texlive/2018/texmf-dist/tex/latex/graphics/trig.sty
Package: trig 2016/01/03 v1.10 sin cos tan (DPC)
)
(/usr/local/texlive/2018/texmf-dist/tex/latex/graphics-cfg/graphics.cfg
File: graphics.cfg 2016/06/04 v1.11 sample graphics configuration
)
Package graphics Info: Driver file: pdftex.def on input line 99.

(/usr/local/texlive/2018/texmf-dist/tex/latex/graphics-def/pdftex.def
File: pdftex.def 2018/01/08 v1.0l Graphics/color driver for pdftex
))
\Gin@req@height=\dimen110
\Gin@req@width=\dimen111
)
\epsfxsize=\dimen112
\epsfysize=\dimen113
)
(/usr/local/texlive/2018/texmf-dist/tex/latex/amsfonts/amssymb.sty
Package: amssymb 2013/01/14 v3.01 AMS font symbols

(/usr/local/texlive/2018/texmf-dist/tex/latex/amsfonts/amsfonts.sty
Package: amsfonts 2013/01/14 v3.01 Basic AMSFonts support
\@emptytoks=\toks16
\symAMSa=\mathgroup4
\symAMSb=\mathgroup5
LaTeX Font Info:    Overwriting math alphabet `\mathfrak' in version `bold'
(Font)                  U/euf/m/n --> U/euf/b/n on input line 106.
))
(/usr/local/texlive/2018/texmf-dist/tex/latex/amsmath/amsmath.sty
Package: amsmath 2017/09/02 v2.17a AMS math features
\@mathmargin=\skip41

For additional information on amsmath, use the `?' option.
(/usr/local/texlive/2018/texmf-dist/tex/latex/amsmath/amstext.sty
Package: amstext 2000/06/29 v2.01 AMS text

(/usr/local/texlive/2018/texmf-dist/tex/latex/amsmath/amsgen.sty
File: amsgen.sty 1999/11/30 v2.0 generic functions
\@emptytoks=\toks17
\ex@=\dimen114
))
(/usr/local/texlive/2018/texmf-dist/tex/latex/amsmath/amsbsy.sty
Package: amsbsy 1999/11/29 v1.2d Bold Symbols
\pmbraise@=\dimen115
)
(/usr/local/texlive/2018/texmf-dist/tex/latex/amsmath/amsopn.sty
Package: amsopn 2016/03/08 v2.02 operator names
)
\inf@bad=\count83
LaTeX Info: Redefining \frac on input line 213.
\uproot@=\count84
\leftroot@=\count85
LaTeX Info: Redefining \overline on input line 375.
\classnum@=\count86
\DOTSCASE@=\count87
LaTeX Info: Redefining \ldots on input line 472.
LaTeX Info: Redefining \dots on input line 475.
LaTeX Info: Redefining \cdots on input line 596.
\Mathstrutbox@=\box26
\strutbox@=\box27
\big@size=\dimen116
LaTeX Font Info:    Redeclaring font encoding OML on input line 712.
LaTeX Font Info:    Redeclaring font encoding OMS on input line 713.
\macc@depth=\count88
\c@MaxMatrixCols=\count89
\dotsspace@=\muskip10
\c@parentequation=\count90
\dspbrk@lvl=\count91
\tag@help=\toks18
\row@=\count92
\column@=\count93
\maxfields@=\count94
\andhelp@=\toks19
\eqnshift@=\dimen117
\alignsep@=\dimen118
\tagshift@=\dimen119
\tagwidth@=\dimen120
\totwidth@=\dimen121
\lineht@=\dimen122
\@envbody=\toks20
\multlinegap=\skip42
\multlinetaggap=\skip43
\mathdisplay@stack=\toks21
LaTeX Info: Redefining \[ on input line 2817.
LaTeX Info: Redefining \] on input line 2818.
)
Document Class 'vldb' - based on 'sig-alternate' <26th. July '05>. Modified by 
G.K.M. Tobin/Gerry Murray
Based in part upon document Style `acmconf' <22 May 89>. Hacked 4/91 by
shivers@cs.cmu.edu, 4/93 by theobald@cs.mcgill.ca
Excerpts were taken from (Journal Style) 'esub2acm.cls'.
****** Bugs/comments/suggestions/technicalities to Gerry Murray -- murray@hq.ac
m.org ******
Questions on the style, SIGS policies, etc. to Adrienne Griscti griscti@acm.org

\footheight=\dimen123
\@maxsep=\dimen124
\@dblmaxsep=\dimen125
\aucount=\count95
\originalaucount=\count96
\auwidth=\dimen126
\auskip=\dimen127
\auskipcount=\count97
\auskip=\dimen128
\allauboxes=\dimen129
\addauthors=\toks22
\addauflag=\count98
\subtitletext=\toks23
\savesection=\count99
\sectioncntr=\count100
\c@figure=\count101
\c@table=\count102
\titleboxnotes=\toks24
\titleboxnoteflag=\count103
Document Class: vldb 2010/10/19 - V1.8b - based on sig-alternate V1.8 - based o
n acmproc.cls V1.3 <Nov. 30 '99>
(/usr/local/texlive/2018/texmf-dist/tex/latex/base/latexsym.sty
Package: latexsym 1998/08/17 v2.2e Standard LaTeX package (lasy symbols)
\symlasy=\mathgroup6
LaTeX Font Info:    Overwriting symbol font `lasy' in version `bold'
(Font)                  U/lasy/m/n --> U/lasy/b/n on input line 52.
)
\@acmtitlebox=\box28
\titlenotecount=\count104
\tntoks=\toks25
\tntokstwo=\toks26
\tntoksthree=\toks27
\tntoksfour=\toks28
\tntoksfive=\toks29
\catcount=\count105
\copyrightnotice=\toks30
\conf=\toks31
\confinfo=\toks32
\c@part=\count106
\c@section=\count107
\c@subsection=\count108
\c@subsubsection=\count109
\c@paragraph=\count110

Using 'Abbrev' bibliography style
\bibindent=\dimen130
\colcntr=\count111
\savebox=\box29
\copyrtyr=\toks33
\acmcopyr=\toks34
\boilerplate=\toks35
\copyrightetc=\toks36
) (/usr/local/texlive/2018/texmf-dist/tex/latex/booktabs/booktabs.sty
Package: booktabs 2016/04/27 v1.618033 publication quality tables
\heavyrulewidth=\dimen131
\lightrulewidth=\dimen132
\cmidrulewidth=\dimen133
\belowrulesep=\dimen134
\belowbottomsep=\dimen135
\aboverulesep=\dimen136
\abovetopsep=\dimen137
\cmidrulesep=\dimen138
\cmidrulekern=\dimen139
\defaultaddspace=\dimen140
\@cmidla=\count112
\@cmidlb=\count113
\@aboverulesep=\dimen141
\@belowrulesep=\dimen142
\@thisruleclass=\count114
\@lastruleclass=\count115
\@thisrulewidth=\dimen143
)
(/usr/local/texlive/2018/texmf-dist/tex/latex/tools/xspace.sty
Package: xspace 2014/10/28 v1.13 Space after command names (DPC,MH)
)
(/usr/local/texlive/2018/texmf-dist/tex/latex/mathtools/mathtools.sty
Package: mathtools 2018/01/08 v1.21 mathematical typesetting tools

(/usr/local/texlive/2018/texmf-dist/tex/latex/tools/calc.sty
Package: calc 2017/05/25 v4.3 Infix arithmetic (KKT,FJ)
\calc@Acount=\count116
\calc@Bcount=\count117
\calc@Adimen=\dimen144
\calc@Bdimen=\dimen145
\calc@Askip=\skip44
\calc@Bskip=\skip45
LaTeX Info: Redefining \setlength on input line 80.
LaTeX Info: Redefining \addtolength on input line 81.
\calc@Ccount=\count118
\calc@Cskip=\skip46
)
(/usr/local/texlive/2018/texmf-dist/tex/latex/mathtools/mhsetup.sty
Package: mhsetup 2017/03/31 v1.3 programming setup (MH)
)
LaTeX Info: Thecontrolsequence`\('isalreadyrobust on input line 129.
LaTeX Info: Thecontrolsequence`\)'isalreadyrobust on input line 129.
LaTeX Info: Thecontrolsequence`\['isalreadyrobust on input line 129.
LaTeX Info: Thecontrolsequence`\]'isalreadyrobust on input line 129.
\g_MT_multlinerow_int=\count119
\l_MT_multwidth_dim=\dimen146
\origjot=\skip47
\l_MT_shortvdotswithinadjustabove_dim=\dimen147
\l_MT_shortvdotswithinadjustbelow_dim=\dimen148
\l_MT_above_intertext_sep=\dimen149
\l_MT_below_intertext_sep=\dimen150
\l_MT_above_shortintertext_sep=\dimen151
\l_MT_below_shortintertext_sep=\dimen152
)
(/usr/local/texlive/2018/texmf-dist/tex/latex/algorithms/algorithm.sty
Package: algorithm 2009/08/24 v0.1 Document Style `algorithm' - floating enviro
nment

(/usr/local/texlive/2018/texmf-dist/tex/latex/float/float.sty
Package: float 2001/11/08 v1.3d Float enhancements (AL)
\c@float@type=\count120
\float@exts=\toks37
\float@box=\box30
\@float@everytoks=\toks38
\@floatcapt=\box31
)
(/usr/local/texlive/2018/texmf-dist/tex/latex/base/ifthen.sty
Package: ifthen 2014/09/29 v1.1c Standard LaTeX ifthen package (DPC)
)
\@float@every@algorithm=\toks39
\c@algorithm=\count121
)
(/usr/local/texlive/2018/texmf-dist/tex/latex/todonotes/todonotes.sty
Package: todonotes 2015/07/09 .dtx Todonotes source and documentation.
Package: todonotes 2012/07/25

(/usr/local/texlive/2018/texmf-dist/tex/latex/xkeyval/xkeyval.sty
Package: xkeyval 2014/12/03 v2.7a package option processing (HA)

(/usr/local/texlive/2018/texmf-dist/tex/generic/xkeyval/xkeyval.tex
(/usr/local/texlive/2018/texmf-dist/tex/generic/xkeyval/xkvutils.tex
\XKV@toks=\toks40
\XKV@tempa@toks=\toks41
)
\XKV@depth=\count122
File: xkeyval.tex 2014/12/03 v2.7a key=value parser (HA)
))
(/usr/local/texlive/2018/texmf-dist/tex/latex/xcolor/xcolor.sty
Package: xcolor 2016/05/11 v2.12 LaTeX color extensions (UK)

(/usr/local/texlive/2018/texmf-dist/tex/latex/graphics-cfg/color.cfg
File: color.cfg 2016/01/02 v1.6 sample color configuration
)
Package xcolor Info: Driver file: pdftex.def on input line 225.
Package xcolor Info: Model `cmy' substituted by `cmy0' on input line 1348.
Package xcolor Info: Model `hsb' substituted by `rgb' on input line 1352.
Package xcolor Info: Model `RGB' extended on input line 1364.
Package xcolor Info: Model `HTML' substituted by `rgb' on input line 1366.
Package xcolor Info: Model `Hsb' substituted by `hsb' on input line 1367.
Package xcolor Info: Model `tHsb' substituted by `hsb' on input line 1368.
Package xcolor Info: Model `HSB' substituted by `hsb' on input line 1369.
Package xcolor Info: Model `Gray' substituted by `gray' on input line 1370.
Package xcolor Info: Model `wave' substituted by `hsb' on input line 1371.
)
(/usr/local/texlive/2018/texmf-dist/tex/latex/pgf/frontendlayer/tikz.sty
(/usr/local/texlive/2018/texmf-dist/tex/latex/pgf/basiclayer/pgf.sty
(/usr/local/texlive/2018/texmf-dist/tex/latex/pgf/utilities/pgfrcs.sty
(/usr/local/texlive/2018/texmf-dist/tex/generic/pgf/utilities/pgfutil-common.te
x
\pgfutil@everybye=\toks42
\pgfutil@tempdima=\dimen153
\pgfutil@tempdimb=\dimen154

(/usr/local/texlive/2018/texmf-dist/tex/generic/pgf/utilities/pgfutil-common-li
sts.tex))
(/usr/local/texlive/2018/texmf-dist/tex/generic/pgf/utilities/pgfutil-latex.def
\pgfutil@abb=\box32
(/usr/local/texlive/2018/texmf-dist/tex/latex/ms/everyshi.sty
Package: everyshi 2001/05/15 v3.00 EveryShipout Package (MS)
))
(/usr/local/texlive/2018/texmf-dist/tex/generic/pgf/utilities/pgfrcs.code.tex
Package: pgfrcs 2015/08/07 v3.0.1a (rcs-revision 1.31)
))
Package: pgf 2015/08/07 v3.0.1a (rcs-revision 1.15)
(/usr/local/texlive/2018/texmf-dist/tex/latex/pgf/basiclayer/pgfcore.sty
(/usr/local/texlive/2018/texmf-dist/tex/latex/pgf/systemlayer/pgfsys.sty
(/usr/local/texlive/2018/texmf-dist/tex/generic/pgf/systemlayer/pgfsys.code.tex
Package: pgfsys 2014/07/09 v3.0.1a (rcs-revision 1.48)
(/usr/local/texlive/2018/texmf-dist/tex/generic/pgf/utilities/pgfkeys.code.tex
\pgfkeys@pathtoks=\toks43
\pgfkeys@temptoks=\toks44

(/usr/local/texlive/2018/texmf-dist/tex/generic/pgf/utilities/pgfkeysfiltered.c
ode.tex
\pgfkeys@tmptoks=\toks45
))
\pgf@x=\dimen155
\pgf@y=\dimen156
\pgf@xa=\dimen157
\pgf@ya=\dimen158
\pgf@xb=\dimen159
\pgf@yb=\dimen160
\pgf@xc=\dimen161
\pgf@yc=\dimen162
\w@pgf@writea=\write3
\r@pgf@reada=\read1
\c@pgf@counta=\count123
\c@pgf@countb=\count124
\c@pgf@countc=\count125
\c@pgf@countd=\count126
\t@pgf@toka=\toks46
\t@pgf@tokb=\toks47
\t@pgf@tokc=\toks48

(/usr/local/texlive/2018/texmf-dist/tex/generic/pgf/systemlayer/pgf.cfg
File: pgf.cfg 2008/05/14  (rcs-revision 1.7)
)
Driver file for pgf: pgfsys-pdftex.def

(/usr/local/texlive/2018/texmf-dist/tex/generic/pgf/systemlayer/pgfsys-pdftex.d
ef
File: pgfsys-pdftex.def 2014/10/11  (rcs-revision 1.35)

(/usr/local/texlive/2018/texmf-dist/tex/generic/pgf/systemlayer/pgfsys-common-p
df.def
File: pgfsys-common-pdf.def 2013/10/10  (rcs-revision 1.13)
)))
(/usr/local/texlive/2018/texmf-dist/tex/generic/pgf/systemlayer/pgfsyssoftpath.
code.tex
File: pgfsyssoftpath.code.tex 2013/09/09  (rcs-revision 1.9)
\pgfsyssoftpath@smallbuffer@items=\count127
\pgfsyssoftpath@bigbuffer@items=\count128
)
(/usr/local/texlive/2018/texmf-dist/tex/generic/pgf/systemlayer/pgfsysprotocol.
code.tex
File: pgfsysprotocol.code.tex 2006/10/16  (rcs-revision 1.4)
))
(/usr/local/texlive/2018/texmf-dist/tex/generic/pgf/basiclayer/pgfcore.code.tex
Package: pgfcore 2010/04/11 v3.0.1a (rcs-revision 1.7)
(/usr/local/texlive/2018/texmf-dist/tex/generic/pgf/math/pgfmath.code.tex
(/usr/local/texlive/2018/texmf-dist/tex/generic/pgf/math/pgfmathcalc.code.tex
(/usr/local/texlive/2018/texmf-dist/tex/generic/pgf/math/pgfmathutil.code.tex)
(/usr/local/texlive/2018/texmf-dist/tex/generic/pgf/math/pgfmathparser.code.tex
\pgfmath@dimen=\dimen163
\pgfmath@count=\count129
\pgfmath@box=\box33
\pgfmath@toks=\toks49
\pgfmath@stack@operand=\toks50
\pgfmath@stack@operation=\toks51
)
(/usr/local/texlive/2018/texmf-dist/tex/generic/pgf/math/pgfmathfunctions.code.
tex
(/usr/local/texlive/2018/texmf-dist/tex/generic/pgf/math/pgfmathfunctions.basic
.code.tex)
(/usr/local/texlive/2018/texmf-dist/tex/generic/pgf/math/pgfmathfunctions.trigo
nometric.code.tex)
(/usr/local/texlive/2018/texmf-dist/tex/generic/pgf/math/pgfmathfunctions.rando
m.code.tex)
(/usr/local/texlive/2018/texmf-dist/tex/generic/pgf/math/pgfmathfunctions.compa
rison.code.tex)
(/usr/local/texlive/2018/texmf-dist/tex/generic/pgf/math/pgfmathfunctions.base.
code.tex)
(/usr/local/texlive/2018/texmf-dist/tex/generic/pgf/math/pgfmathfunctions.round
.code.tex)
(/usr/local/texlive/2018/texmf-dist/tex/generic/pgf/math/pgfmathfunctions.misc.
code.tex)
(/usr/local/texlive/2018/texmf-dist/tex/generic/pgf/math/pgfmathfunctions.integ
erarithmetics.code.tex)))
(/usr/local/texlive/2018/texmf-dist/tex/generic/pgf/math/pgfmathfloat.code.tex
\c@pgfmathroundto@lastzeros=\count130
))
(/usr/local/texlive/2018/texmf-dist/tex/generic/pgf/basiclayer/pgfcorepoints.co
de.tex
File: pgfcorepoints.code.tex 2013/10/07  (rcs-revision 1.27)
\pgf@picminx=\dimen164
\pgf@picmaxx=\dimen165
\pgf@picminy=\dimen166
\pgf@picmaxy=\dimen167
\pgf@pathminx=\dimen168
\pgf@pathmaxx=\dimen169
\pgf@pathminy=\dimen170
\pgf@pathmaxy=\dimen171
\pgf@xx=\dimen172
\pgf@xy=\dimen173
\pgf@yx=\dimen174
\pgf@yy=\dimen175
\pgf@zx=\dimen176
\pgf@zy=\dimen177
)
(/usr/local/texlive/2018/texmf-dist/tex/generic/pgf/basiclayer/pgfcorepathconst
ruct.code.tex
File: pgfcorepathconstruct.code.tex 2013/10/07  (rcs-revision 1.29)
\pgf@path@lastx=\dimen178
\pgf@path@lasty=\dimen179
)
(/usr/local/texlive/2018/texmf-dist/tex/generic/pgf/basiclayer/pgfcorepathusage
.code.tex
File: pgfcorepathusage.code.tex 2014/11/02  (rcs-revision 1.24)
\pgf@shorten@end@additional=\dimen180
\pgf@shorten@start@additional=\dimen181
)
(/usr/local/texlive/2018/texmf-dist/tex/generic/pgf/basiclayer/pgfcorescopes.co
de.tex
File: pgfcorescopes.code.tex 2015/05/08  (rcs-revision 1.46)
\pgfpic=\box34
\pgf@hbox=\box35
\pgf@layerbox@main=\box36
\pgf@picture@serial@count=\count131
)
(/usr/local/texlive/2018/texmf-dist/tex/generic/pgf/basiclayer/pgfcoregraphicst
ate.code.tex
File: pgfcoregraphicstate.code.tex 2014/11/02  (rcs-revision 1.12)
\pgflinewidth=\dimen182
)
(/usr/local/texlive/2018/texmf-dist/tex/generic/pgf/basiclayer/pgfcoretransform
ations.code.tex
File: pgfcoretransformations.code.tex 2015/08/07  (rcs-revision 1.20)
\pgf@pt@x=\dimen183
\pgf@pt@y=\dimen184
\pgf@pt@temp=\dimen185
)
(/usr/local/texlive/2018/texmf-dist/tex/generic/pgf/basiclayer/pgfcorequick.cod
e.tex
File: pgfcorequick.code.tex 2008/10/09  (rcs-revision 1.3)
)
(/usr/local/texlive/2018/texmf-dist/tex/generic/pgf/basiclayer/pgfcoreobjects.c
ode.tex
File: pgfcoreobjects.code.tex 2006/10/11  (rcs-revision 1.2)
)
(/usr/local/texlive/2018/texmf-dist/tex/generic/pgf/basiclayer/pgfcorepathproce
ssing.code.tex
File: pgfcorepathprocessing.code.tex 2013/09/09  (rcs-revision 1.9)
)
(/usr/local/texlive/2018/texmf-dist/tex/generic/pgf/basiclayer/pgfcorearrows.co
de.tex
File: pgfcorearrows.code.tex 2015/05/14  (rcs-revision 1.43)
\pgfarrowsep=\dimen186
)
(/usr/local/texlive/2018/texmf-dist/tex/generic/pgf/basiclayer/pgfcoreshade.cod
e.tex
File: pgfcoreshade.code.tex 2013/07/15  (rcs-revision 1.15)
\pgf@max=\dimen187
\pgf@sys@shading@range@num=\count132
)
(/usr/local/texlive/2018/texmf-dist/tex/generic/pgf/basiclayer/pgfcoreimage.cod
e.tex
File: pgfcoreimage.code.tex 2013/07/15  (rcs-revision 1.18)

(/usr/local/texlive/2018/texmf-dist/tex/generic/pgf/basiclayer/pgfcoreexternal.
code.tex
File: pgfcoreexternal.code.tex 2014/07/09  (rcs-revision 1.21)
\pgfexternal@startupbox=\box37
))
(/usr/local/texlive/2018/texmf-dist/tex/generic/pgf/basiclayer/pgfcorelayers.co
de.tex
File: pgfcorelayers.code.tex 2013/07/18  (rcs-revision 1.7)
)
(/usr/local/texlive/2018/texmf-dist/tex/generic/pgf/basiclayer/pgfcoretranspare
ncy.code.tex
File: pgfcoretransparency.code.tex 2013/09/30  (rcs-revision 1.5)
)
(/usr/local/texlive/2018/texmf-dist/tex/generic/pgf/basiclayer/pgfcorepatterns.
code.tex
File: pgfcorepatterns.code.tex 2013/11/07  (rcs-revision 1.5)
)))
(/usr/local/texlive/2018/texmf-dist/tex/generic/pgf/modules/pgfmoduleshapes.cod
e.tex
File: pgfmoduleshapes.code.tex 2014/03/21  (rcs-revision 1.35)
\pgfnodeparttextbox=\box38
)
(/usr/local/texlive/2018/texmf-dist/tex/generic/pgf/modules/pgfmoduleplot.code.
tex
File: pgfmoduleplot.code.tex 2015/08/03  (rcs-revision 1.13)
)
(/usr/local/texlive/2018/texmf-dist/tex/latex/pgf/compatibility/pgfcomp-version
-0-65.sty
Package: pgfcomp-version-0-65 2007/07/03 v3.0.1a (rcs-revision 1.7)
\pgf@nodesepstart=\dimen188
\pgf@nodesepend=\dimen189
)
(/usr/local/texlive/2018/texmf-dist/tex/latex/pgf/compatibility/pgfcomp-version
-1-18.sty
Package: pgfcomp-version-1-18 2007/07/23 v3.0.1a (rcs-revision 1.1)
))
(/usr/local/texlive/2018/texmf-dist/tex/latex/pgf/utilities/pgffor.sty
(/usr/local/texlive/2018/texmf-dist/tex/latex/pgf/utilities/pgfkeys.sty
(/usr/local/texlive/2018/texmf-dist/tex/generic/pgf/utilities/pgfkeys.code.tex)
) (/usr/local/texlive/2018/texmf-dist/tex/latex/pgf/math/pgfmath.sty
(/usr/local/texlive/2018/texmf-dist/tex/generic/pgf/math/pgfmath.code.tex))
(/usr/local/texlive/2018/texmf-dist/tex/generic/pgf/utilities/pgffor.code.tex
Package: pgffor 2013/12/13 v3.0.1a (rcs-revision 1.25)

(/usr/local/texlive/2018/texmf-dist/tex/generic/pgf/math/pgfmath.code.tex)
\pgffor@iter=\dimen190
\pgffor@skip=\dimen191
\pgffor@stack=\toks52
\pgffor@toks=\toks53
))
(/usr/local/texlive/2018/texmf-dist/tex/generic/pgf/frontendlayer/tikz/tikz.cod
e.tex
Package: tikz 2015/08/07 v3.0.1a (rcs-revision 1.151)

(/usr/local/texlive/2018/texmf-dist/tex/generic/pgf/libraries/pgflibraryplothan
dlers.code.tex
File: pgflibraryplothandlers.code.tex 2013/08/31 v3.0.1a (rcs-revision 1.20)
\pgf@plot@mark@count=\count133
\pgfplotmarksize=\dimen192
)
\tikz@lastx=\dimen193
\tikz@lasty=\dimen194
\tikz@lastxsaved=\dimen195
\tikz@lastysaved=\dimen196
\tikzleveldistance=\dimen197
\tikzsiblingdistance=\dimen198
\tikz@figbox=\box39
\tikz@figbox@bg=\box40
\tikz@tempbox=\box41
\tikz@tempbox@bg=\box42
\tikztreelevel=\count134
\tikznumberofchildren=\count135
\tikznumberofcurrentchild=\count136
\tikz@fig@count=\count137

(/usr/local/texlive/2018/texmf-dist/tex/generic/pgf/modules/pgfmodulematrix.cod
e.tex
File: pgfmodulematrix.code.tex 2013/09/17  (rcs-revision 1.8)
\pgfmatrixcurrentrow=\count138
\pgfmatrixcurrentcolumn=\count139
\pgf@matrix@numberofcolumns=\count140
)
\tikz@expandcount=\count141

(/usr/local/texlive/2018/texmf-dist/tex/generic/pgf/frontendlayer/tikz/librarie
s/tikzlibrarytopaths.code.tex
File: tikzlibrarytopaths.code.tex 2008/06/17 v3.0.1a (rcs-revision 1.2)
)))
(/usr/local/texlive/2018/texmf-dist/tex/generic/pgf/frontendlayer/tikz/librarie
s/tikzlibrarypositioning.code.tex
File: tikzlibrarypositioning.code.tex 2008/10/06 v3.0.1a (rcs-revision 1.7)
)
\c@@todonotes@numberoftodonotes=\count142
)
(/usr/local/texlive/2018/texmf-dist/tex/latex/enumitem/enumitem.sty
Package: enumitem 2011/09/28 v3.5.2 Customized lists
\labelindent=\skip48
\enit@outerparindent=\dimen199
\enit@toks=\toks54
\enit@inbox=\box43
\enitdp@description=\count143
)
(/usr/local/texlive/2018/texmf-dist/tex/latex/preprint/balance.sty
Package: balance 1999/02/23 4.3 (PWD)
\oldvsize=\dimen256
)
(/usr/local/texlive/2018/texmf-dist/tex/latex/algorithmicx/algpseudocode.sty
Package: algpseudocode 

(/usr/local/texlive/2018/texmf-dist/tex/latex/algorithmicx/algorithmicx.sty
Package: algorithmicx 2005/04/27 v1.2 Algorithmicx

Document Style algorithmicx 1.2 - a greatly improved `algorithmic' style
\c@ALG@line=\count144
\c@ALG@rem=\count145
\c@ALG@nested=\count146
\ALG@tlm=\skip49
\ALG@thistlm=\skip50
\c@ALG@Lnr=\count147
\c@ALG@blocknr=\count148
\c@ALG@storecount=\count149
\c@ALG@tmpcounter=\count150
\ALG@tmplength=\skip51
)
Document Style - pseudocode environments for use with the `algorithmicx' style
) (./secs/notation.tex
\c@theorem=\count151
\c@corollary=\count152
\c@lemma=\count153
\c@example=\count154
\c@definition=\count155
)
No file main.aux.
\openout1 = `main.aux'.

LaTeX Font Info:    Checking defaults for OML/cmm/m/it on input line 30.
LaTeX Font Info:    ... okay on input line 30.
LaTeX Font Info:    Checking defaults for T1/cmr/m/n on input line 30.
LaTeX Font Info:    ... okay on input line 30.
LaTeX Font Info:    Checking defaults for OT1/cmr/m/n on input line 30.
LaTeX Font Info:    ... okay on input line 30.
LaTeX Font Info:    Checking defaults for OMS/cmsy/m/n on input line 30.
LaTeX Font Info:    ... okay on input line 30.
LaTeX Font Info:    Checking defaults for OMX/cmex/m/n on input line 30.
LaTeX Font Info:    ... okay on input line 30.
LaTeX Font Info:    Checking defaults for U/cmr/m/n on input line 30.
LaTeX Font Info:    ... okay on input line 30.
*geometry* detected driver: pdftex
*geometry* verbose mode - [ preamble ] result:
* driver: pdftex
* paper: letterpaper
* layout: <same size as paper>
* layoutoffset:(h,v)=(0.0pt,0.0pt)
* modes: twoside 
* h-part:(L,W,R)=(92.14519pt, 430.00462pt, 92.14519pt)
* v-part:(T,H,B)=(95.39737pt, 556.47656pt, 143.09605pt)
* \paperwidth=614.295pt
* \paperheight=794.96999pt
* \textwidth=504.0pt
* \textheight=666.0pt
* \oddsidemargin=-18.26999pt
* \evensidemargin=-18.26999pt
* \topmargin=-55.26999pt
* \headheight=12.0pt
* \headsep=25.0pt
* \topskip=10.0pt
* \footskip=30.0pt
* \marginparwidth=0.0pt
* \marginparsep=11.0pt
* \columnsep=24.0pt
* \skip\footins=8.1pt plus 4.0pt minus 2.0pt
* \hoffset=0.0pt
* \voffset=0.0pt
* \mag=1000
* \@twocolumntrue
* \@twosidetrue
* \@mparswitchtrue
* \@reversemarginfalse
* (1in=72.27pt=25.4mm, 1cm=28.453pt)

(/usr/local/texlive/2018/texmf-dist/tex/context/base/mkii/supp-pdf.mkii
[Loading MPS to PDF converter (version 2006.09.02).]
\scratchcounter=\count156
\scratchdimen=\dimen257
\scratchbox=\box44
\nofMPsegments=\count157
\nofMParguments=\count158
\everyMPshowfont=\toks55
\MPscratchCnt=\count159
\MPscratchDim=\dimen258
\MPnumerator=\count160
\makeMPintoPDFobject=\count161
\everyMPtoPDFconversion=\toks56
) (/usr/local/texlive/2018/texmf-dist/tex/latex/oberdiek/epstopdf-base.sty
Package: epstopdf-base 2016/05/15 v2.6 Base part for package epstopdf

(/usr/local/texlive/2018/texmf-dist/tex/generic/oberdiek/infwarerr.sty
Package: infwarerr 2016/05/16 v1.4 Providing info/warning/error messages (HO)
)
(/usr/local/texlive/2018/texmf-dist/tex/latex/oberdiek/grfext.sty
Package: grfext 2016/05/16 v1.2 Manage graphics extensions (HO)

(/usr/local/texlive/2018/texmf-dist/tex/generic/oberdiek/kvdefinekeys.sty
Package: kvdefinekeys 2016/05/16 v1.4 Define keys (HO)

(/usr/local/texlive/2018/texmf-dist/tex/generic/oberdiek/ltxcmds.sty
Package: ltxcmds 2016/05/16 v1.23 LaTeX kernel commands for general use (HO)
)))
(/usr/local/texlive/2018/texmf-dist/tex/latex/oberdiek/kvoptions.sty
Package: kvoptions 2016/05/16 v3.12 Key value format for package options (HO)

(/usr/local/texlive/2018/texmf-dist/tex/generic/oberdiek/kvsetkeys.sty
Package: kvsetkeys 2016/05/16 v1.17 Key value parser (HO)

(/usr/local/texlive/2018/texmf-dist/tex/generic/oberdiek/etexcmds.sty
Package: etexcmds 2016/05/16 v1.6 Avoid name clashes with e-TeX commands (HO)

(/usr/local/texlive/2018/texmf-dist/tex/generic/oberdiek/ifluatex.sty
Package: ifluatex 2016/05/16 v1.4 Provides the ifluatex switch (HO)
Package ifluatex Info: LuaTeX not detected.
)
Package etexcmds Info: Could not find \expanded.
(etexcmds)             That can mean that you are not using pdfTeX 1.50 or
(etexcmds)             that some package has redefined \expanded.
(etexcmds)             In the latter case, load this package earlier.
)))
(/usr/local/texlive/2018/texmf-dist/tex/generic/oberdiek/pdftexcmds.sty
Package: pdftexcmds 2018/01/30 v0.27 Utility functions of pdfTeX for LuaTeX (HO
)
Package pdftexcmds Info: LuaTeX not detected.
Package pdftexcmds Info: \pdf@primitive is available.
Package pdftexcmds Info: \pdf@ifprimitive is available.
Package pdftexcmds Info: \pdfdraftmode found.
)
Package epstopdf-base Info: Redefining graphics rule for `.eps' on input line 4
38.
Package grfext Info: Graphics extension search list:
(grfext)             [.pdf,.png,.jpg,.mps,.jpeg,.jbig2,.jb2,.PDF,.PNG,.JPG,.JPE
G,.JBIG2,.JB2,.eps]
(grfext)             \AppendGraphicsExtensions on input line 456.

(/usr/local/texlive/2018/texmf-dist/tex/latex/latexconfig/epstopdf-sys.cfg
File: epstopdf-sys.cfg 2010/07/13 v1.3 Configuration of (r)epstopdf for TeX Liv
e
))
ABD: EveryShipout initializing macros
LaTeX Font Info:    Try loading font information for U+msa on input line 49.

(/usr/local/texlive/2018/texmf-dist/tex/latex/amsfonts/umsa.fd
File: umsa.fd 2013/01/14 v3.01 AMS symbols A
)
LaTeX Font Info:    Try loading font information for U+msb on input line 49.

(/usr/local/texlive/2018/texmf-dist/tex/latex/amsfonts/umsb.fd
File: umsb.fd 2013/01/14 v3.01 AMS symbols B
)
LaTeX Font Info:    Try loading font information for U+lasy on input line 49.

(/usr/local/texlive/2018/texmf-dist/tex/latex/base/ulasy.fd
File: ulasy.fd 1998/08/17 v2.2e LaTeX symbol font definitions
)

LaTeX Warning: No \author given.


Overfull \hbox (4.79897pt too wide) in paragraph at lines 52--58
\OT1/cmr/m/n/9 have been im-ple-mented on Graph-ics Pro-cess-ing Units (GPUs)
 []

(./secs/introduction.tex

LaTeX Warning: Citation `o2014bitcoin' on page 1 undefined on input line 3.


LaTeX Warning: Citation `taylor2013bitcoin' on page 1 undefined on input line 3
.


LaTeX Warning: Citation `coates2013deep' on page 1 undefined on input line 3.


LaTeX Warning: Citation `abadi2016tensorflow' on page 1 undefined on input line
 3.


LaTeX Warning: Citation `bakkum2010accelerating' on page 1 undefined on input l
ine 3.


LaTeX Warning: Citation `kaldewey2012gpu' on page 1 undefined on input line 3.


Overfull \hbox (3.04488pt too wide) in paragraph at lines 2--8
\OT1/cmr/m/n/9 rev-o-lu-tion-ized the com-put-ing paradigm across mul-ti-ple fi
elds,
 []


LaTeX Warning: Citation `he2008relational' on page 1 undefined on input line 9.



LaTeX Warning: Citation `he2009relational' on page 1 undefined on input line 9.



LaTeX Warning: Citation `heimel2013hardware' on page 1 undefined on input line 
9.


LaTeX Warning: Citation `pan2011fast' on page 1 undefined on input line 9.


LaTeX Warning: Citation `zhou2010parallel' on page 1 undefined on input line 9.



LaTeX Warning: Citation `zhong2014medusa' on page 1 undefined on input line 9.


LaTeX Warning: Citation `zhang2015mega' on page 1 undefined on input line 9.


LaTeX Warning: Citation `hetherington2015memcachedgpu' on page 1 undefined on i
nput line 9.


LaTeX Warning: Citation `breslow2016horton' on page 1 undefined on input line 9
.


LaTeX Warning: Citation `bowers2010parallel' on page 1 undefined on input line 
9.


LaTeX Warning: Citation `pan2010efficient' on page 1 undefined on input line 9.



LaTeX Warning: Citation `garcia2011coherent' on page 1 undefined on input line 
9.


LaTeX Warning: Citation `niessner2013real' on page 1 undefined on input line 9.



LaTeX Warning: Citation `wu2015gpu' on page 1 undefined on input line 9.


LaTeX Warning: Citation `alcantara2009real' on page 1 undefined on input line 9
.


LaTeX Warning: Citation `zhang2015mega' on page 1 undefined on input line 9.


LaTeX Warning: Citation `hong2010mapcg' on page 1 undefined on input line 9.


LaTeX Warning: Citation `hetherington2015memcachedgpu' on page 1 undefined on i
nput line 9.


LaTeX Warning: Citation `breslow2016horton' on page 1 undefined on input line 9
.


LaTeX Warning: Citation `pagh2004cuckoo' on page 1 undefined on input line 16.


LaTeX Warning: Citation `alcantara2009real' on page 1 undefined on input line 1
6.


LaTeX Warning: Citation `alcantara2011building' on page 1 undefined on input li
ne 16.


LaTeX Warning: Citation `zhang2015mega' on page 1 undefined on input line 16.


LaTeX Warning: Citation `breslow2016horton' on page 1 undefined on input line 1
6.

[1{/usr/local/texlive/2018/texmf-var/fonts/map/pdftex/updmap/pdftex.map}


]
Overfull \hbox (4.23172pt too wide) in paragraph at lines 23--26
[]\OT1/cmr/m/n/9 First, we pro-pose a voter-based co-or-di-na-tion scheme among

 []


LaTeX Warning: Reference `sec:pre' on page 2 undefined on input line 41.


LaTeX Warning: Reference `sec:rel' on page 2 undefined on input line 41.


LaTeX Warning: Reference `sec:vot' on page 2 undefined on input line 41.


LaTeX Warning: Reference `sec:dyn' on page 2 undefined on input line 41.


LaTeX Warning: Reference `sec:exp' on page 2 undefined on input line 41.


LaTeX Warning: Reference `sec:con' on page 2 undefined on input line 41.

) (./secs/preliminaries.tex

LaTeX Font Warning: Font shape `OT1/cmr/bx/sc' undefined
(Font)              using `OT1/cmr/bx/n' instead on input line 22.


LaTeX Warning: Citation `pagh2004cuckoo' on page 2 undefined on input line 24.



pdfTeX warning: /Library/TeX/texbin/pdflatex (file ./fig/GPU-arch.pdf): PDF inc
lusion: found PDF version <1.6>, but at most version <1.5> allowed
<fig/GPU-arch.pdf, id=21, 417.11333pt x 204.65761pt>
File: fig/GPU-arch.pdf Graphic file (type pdf)
<use fig/GPU-arch.pdf>
Package pdftex.def Info: fig/GPU-arch.pdf  used on input line 35.
(pdftex.def)             Requested size: 252.0pt x 123.6449pt.

Overfull \hbox (12.0pt too wide) in paragraph at lines 35--36
 [][] 
 []


LaTeX Warning: Reference `fig:arch' on page 2 undefined on input line 41.

[2]
Overfull \hbox (1.19917pt too wide) in paragraph at lines 57--60
\OT1/cmr/bx/sc/9 Optimizing GPU Pro-grams. \OT1/cmr/m/n/9 When pro-gram-ming a 
GPU
 []


LaTeX Warning: Citation `sanders2010cuda' on page 3 undefined on input line 63.


) (./secs/literature.tex

LaTeX Warning: Citation `alcantara2009real' on page 3 undefined on input line 2
.


LaTeX Warning: Citation `wu2015gpu' on page 3 undefined on input line 4.


LaTeX Warning: Citation `pan2010efficient' on page 3 undefined on input line 4.



LaTeX Warning: Citation `alcantara2009real' on page 3 undefined on input line 5
.


LaTeX Warning: Citation `alcantara2009real' on page 3 undefined on input line 6
.


LaTeX Warning: Citation `khorasani2015stadium' on page 3 undefined on input lin
e 6.


LaTeX Warning: Citation `zhang2015mega' on page 3 undefined on input line 8.


LaTeX Warning: Citation `breslow2016horton' on page 3 undefined on input line 9
.


LaTeX Warning: Citation `ross2007efficient' on page 3 undefined on input line 1
0.


LaTeX Warning: Citation `zhong2014medusa' on page 3 undefined on input line 10.



LaTeX Warning: Citation `ashkiani2018dynamic' on page 3 undefined on input line
 19.


LaTeX Warning: Citation `ashkiani2018dynamic' on page 3 undefined on input line
 22.

) (./secs/cuckoo.tex

pdfTeX warning: /Library/TeX/texbin/pdflatex (file ./fig/Hashtable.pdf): PDF in
clusion: found PDF version <1.6>, but at most version <1.5> allowed
<fig/Hashtable.pdf, id=28, 255.33594pt x 140.01208pt>
File: fig/Hashtable.pdf Graphic file (type pdf)
<use fig/Hashtable.pdf>
Package pdftex.def Info: fig/Hashtable.pdf  used on input line 4.
(pdftex.def)             Requested size: 226.79846pt x 124.3668pt.

Underfull \vbox (badness 1661) has occurred while \output is active []

 [3 <./fig/GPU-arch.pdf>]

LaTeX Warning: Reference `sec:vot:has' on page 4 undefined on input line 10.


LaTeX Warning: Reference `sec:vot:con' on page 4 undefined on input line 11.


LaTeX Warning: Reference `sec:dyn' on page 4 undefined on input line 12.


LaTeX Warning: Citation `pagh2004cuckoo' on page 4 undefined on input line 15.


LaTeX Warning: Reference `sec:rel' on page 4 undefined on input line 20.


LaTeX Warning: Citation `fotakis2005space' on page 4 undefined on input line 25
.


LaTeX Warning: Reference `fig:hashtable' on page 4 undefined on input line 27.


LaTeX Warning: Citation `alcantara2009real' on page 4 undefined on input line 5
9.


LaTeX Warning: Citation `zhang2015mega' on page 4 undefined on input line 59.


LaTeX Warning: Citation `breslow2016horton' on page 4 undefined on input line 5
9.


LaTeX Warning: Reference `algo:find' on page 4 undefined on input line 65.


LaTeX Warning: Citation `zhang2015mega' on page 4 undefined on input line 75.


LaTeX Warning: Reference `fig:atomic' on page 4 undefined on input line 82.

[4 <./fig/Hashtable.pdf>]
Package epstopdf Info: Source file: <exp/atomic/atomicCAS.eps>
(epstopdf)                    date: 2018-12-11 11:36:50
(epstopdf)                    size: 22602 bytes
(epstopdf)             Output file: <exp/atomic/atomicCAS-eps-converted-to.pdf>

(epstopdf)             Command: <repstopdf --outfile=exp/atomic/atomicCAS-eps-c
onverted-to.pdf exp/atomic/atomicCAS.eps>
(epstopdf)             \includegraphics on input line 93.
runsystem(repstopdf --outfile=exp/atomic/atomicCAS-eps-converted-to.pdf exp/ato
mic/atomicCAS.eps)...executed safely (allowed).

Package epstopdf Info: Result file: <exp/atomic/atomicCAS-eps-converted-to.pdf>

(epstopdf)                    date: 2018-12-11 11:39:58
(epstopdf)                    size: 13530 bytes.
<exp/atomic/atomicCAS-eps-converted-to.pdf, id=74, 361.35pt x 252.945pt>
File: exp/atomic/atomicCAS-eps-converted-to.pdf Graphic file (type pdf)
<use exp/atomic/atomicCAS-eps-converted-to.pdf>
Package pdftex.def Info: exp/atomic/atomicCAS-eps-converted-to.pdf  used on inp
ut line 93.
(pdftex.def)             Requested size: 150.79968pt x 105.56073pt.

Overfull \hbox (30.79968pt too wide) in paragraph at lines 93--94
[][] 
 []

Package epstopdf Info: Source file: <exp/atomic/atomicExch.eps>
(epstopdf)                    date: 2018-12-11 11:36:50
(epstopdf)                    size: 22645 bytes
(epstopdf)             Output file: <exp/atomic/atomicExch-eps-converted-to.pdf
>
(epstopdf)             Command: <repstopdf --outfile=exp/atomic/atomicExch-eps-
converted-to.pdf exp/atomic/atomicExch.eps>
(epstopdf)             \includegraphics on input line 98.
runsystem(repstopdf --outfile=exp/atomic/atomicExch-eps-converted-to.pdf exp/at
omic/atomicExch.eps)...executed safely (allowed).

Package epstopdf Info: Result file: <exp/atomic/atomicExch-eps-converted-to.pdf
>
(epstopdf)                    date: 2018-12-11 11:39:58
(epstopdf)                    size: 16916 bytes.
<exp/atomic/atomicExch-eps-converted-to.pdf, id=75, 361.35pt x 252.945pt>
File: exp/atomic/atomicExch-eps-converted-to.pdf Graphic file (type pdf)
<use exp/atomic/atomicExch-eps-converted-to.pdf>
Package pdftex.def Info: exp/atomic/atomicExch-eps-converted-to.pdf  used on in
put line 98.
(pdftex.def)             Requested size: 150.79968pt x 105.56073pt.

Overfull \hbox (30.79968pt too wide) in paragraph at lines 98--99
[][] 
 []


LaTeX Warning: Reference `algo:insert' on page 5 undefined on input line 112.


LaTeX Warning: Reference `algo:insert:active:start' on page 5 undefined on inpu
t line 114.


LaTeX Warning: Reference `algo:insert:active:end' on page 5 undefined on input 
line 114.


LaTeX Warning: Reference `algo:insert:lock:start' on page 5 undefined on input 
line 116.


LaTeX Warning: Reference `algo:insert:lock:end' on page 5 undefined on input li
ne 116.


LaTeX Warning: Reference `algo:insert:write:start' on page 5 undefined on input
 line 119.


LaTeX Warning: Reference `algo:insert:write:end' on page 5 undefined on input l
ine 119.


LaTeX Warning: Reference `algo:insert' on page 5 undefined on input line 121.


LaTeX Warning: Reference `algo:insert:vote:start' on page 5 undefined on input 
line 121.


LaTeX Warning: Reference `algo:insert:loop:end' on page 5 undefined on input li
ne 121.


LaTeX Warning: Reference `algo:insert' on page 5 undefined on input line 123.


LaTeX Warning: Reference `sec:dyn' on page 5 undefined on input line 123.


Underfull \vbox (badness 10000) has occurred while \output is active []



LaTeX Warning: Reference `fig:voter' on page 5 undefined on input line 164.



pdfTeX warning: /Library/TeX/texbin/pdflatex (file ./fig/Voter.pdf): PDF inclus
ion: found PDF version <1.6>, but at most version <1.5> allowed
<fig/Voter.pdf, id=76, 286.19664pt x 176.07181pt>
File: fig/Voter.pdf Graphic file (type pdf)
<use fig/Voter.pdf>
Package pdftex.def Info: fig/Voter.pdf  used on input line 190.
(pdftex.def)             Requested size: 241.91785pt x 148.83424pt.

Overfull \hbox (1.91785pt too wide) in paragraph at lines 190--191
 [][] 
 []


LaTeX Warning: Citation `pagh2004cuckoo' on page 5 undefined on input line 196.



LaTeX Warning: Citation `alcantara2009real' on page 5 undefined on input line 1
97.


LaTeX Warning: Reference `sec:exp' on page 5 undefined on input line 198.

[5 <./exp/atomic/atomicCAS-eps-converted-to.pdf> <./exp/atomic/atomicExch-eps-c
onverted-to.pdf>]

LaTeX Warning: Citation `raab1998balls' on page 6 undefined on input line 202.

) (./secs/dynamic.tex

LaTeX Warning: Reference `sec:dyn:resize' on page 6 undefined on input line 5.


LaTeX Warning: Reference `sec:dyn:distribute' on page 6 undefined on input line
 6.


LaTeX Warning: Reference `sec:dyn:rehash' on page 6 undefined on input line 7.


LaTeX Warning: Reference `fig:resize' on page 6 undefined on input line 14.


LaTeX Warning: Reference `fig:resize' on page 6 undefined on input line 15.



pdfTeX warning: /Library/TeX/texbin/pdflatex (file ./fig/MultiTable.pdf): PDF i
nclusion: found PDF version <1.6>, but at most version <1.5> allowed
<fig/MultiTable.pdf, id=92, 243.29094pt x 149.31485pt>
File: fig/MultiTable.pdf Graphic file (type pdf)
<use fig/MultiTable.pdf>
Package pdftex.def Info: fig/MultiTable.pdf  used on input line 26.
(pdftex.def)             Requested size: 226.79846pt x 139.19627pt.

LaTeX Warning: Reference `sec:vot:con' on page 6 undefined on input line 31.


Overfull \hbox (10.41724pt too wide) in paragraph at lines 37--39
[]\OT1/cmr/m/it/9 The amor-tized con-flicts for in-sert-ing $\OML/cmm/m/it/9 m$
 \OT1/cmr/m/it/9 unique
 []

[6 <./fig/Voter.pdf> <./fig/MultiTable.pdf>]

LaTeX Warning: Reference `them:balance' on page 7 undefined on input line 63.



pdfTeX warning: /Library/TeX/texbin/pdflatex (file ./fig/Upsize.pdf): PDF inclu
sion: found PDF version <1.6>, but at most version <1.5> allowed
<fig/Upsize.pdf, id=133, 180.29459pt x 127.66797pt>
File: fig/Upsize.pdf Graphic file (type pdf)
<use fig/Upsize.pdf>
Package pdftex.def Info: fig/Upsize.pdf  used on input line 73.
(pdftex.def)             Requested size: 151.20154pt x 107.07281pt.

LaTeX Warning: Reference `fig:upsize' on page 7 undefined on input line 79.


LaTeX Warning: Reference `them:balance' on page 7 undefined on input line 87.


LaTeX Warning: Reference `algo:insert' on page 7 undefined on input line 95.

) (./secs/experiment.tex

LaTeX Warning: Citation `alcantara2009real' on page 7 undefined on input line 9
.


LaTeX Warning: Citation `zhang2015mega' on page 7 undefined on input line 12.


LaTeX Warning: Citation `hong2010mapcg' on page 7 undefined on input line 14.


LaTeX Warning: Citation `hong2010mapcg' on page 7 undefined on input line 21.


Overfull \hbox (15.44272pt too wide) in paragraph at lines 18--22
\OT1/cmr/m/n/9 We adopt the orig-i-nal im-ple-men-ta-tions of \OT1/cmtt/m/n/9 C
UDPP \OT1/cmr/m/n/9 and \OT1/cmtt/m/n/9 GoogleHash
 []

[7 <./fig/Upsize.pdf>]

LaTeX Warning: Citation `ashkiani2018dynamic' on page 8 undefined on input line
 23.


LaTeX Warning: Citation `breslow2016horton' on page 8 undefined on input line 2
5.


Underfull \hbox (badness 10000) in paragraph at lines 59--59
[][]\OT1/cmr/m/n/9 https://www.kaggle.com.reddit/reddit-comments-may-
 []


Overfull \hbox (1.85422pt too wide) in paragraph at lines 60--61
\OT1/cmr/m/n/9 the lineitem ta-ble and com-bine the \OT1/cmr/m/it/9 or-derkey\O
T1/cmr/m/n/9 ,\OT1/cmr/m/it/9 linenumber
 []


LaTeX Warning: Reference `table:exp_data_sets' on page 8 undefined on input lin
e 64.

Package epstopdf Info: Source file: <pic/tunning/tunning-insert.eps>
(epstopdf)                    date: 2018-12-06 16:58:34
(epstopdf)                    size: 35957 bytes
(epstopdf)             Output file: <pic/tunning/tunning-insert-eps-converted-t
o.pdf>
(epstopdf)                    date: 2018-12-06 16:58:34
(epstopdf)                    size: 7372 bytes
(epstopdf)             Command: <repstopdf --outfile=pic/tunning/tunning-insert
-eps-converted-to.pdf pic/tunning/tunning-insert.eps>
(epstopdf)             \includegraphics on input line 71.
Package epstopdf Info: Output file is already uptodate.
<pic/tunning/tunning-insert-eps-converted-to.pdf, id=159, 361.35pt x 361.35pt>
File: pic/tunning/tunning-insert-eps-converted-to.pdf Graphic file (type pdf)
<use pic/tunning/tunning-insert-eps-converted-to.pdf>
Package pdftex.def Info: pic/tunning/tunning-insert-eps-converted-to.pdf  used 
on input line 71.
(pdftex.def)             Requested size: 115.19897pt x 115.19878pt.
Package epstopdf Info: Source file: <pic/tunning/tunning-search.eps>
(epstopdf)                    date: 2018-12-06 16:58:34
(epstopdf)                    size: 36516 bytes
(epstopdf)             Output file: <pic/tunning/tunning-search-eps-converted-t
o.pdf>
(epstopdf)                    date: 2018-12-06 16:58:34
(epstopdf)                    size: 7455 bytes
(epstopdf)             Command: <repstopdf --outfile=pic/tunning/tunning-search
-eps-converted-to.pdf pic/tunning/tunning-search.eps>
(epstopdf)             \includegraphics on input line 76.
Package epstopdf Info: Output file is already uptodate.
<pic/tunning/tunning-search-eps-converted-to.pdf, id=160, 361.35pt x 361.35pt>
File: pic/tunning/tunning-search-eps-converted-to.pdf Graphic file (type pdf)
<use pic/tunning/tunning-search-eps-converted-to.pdf>
Package pdftex.def Info: pic/tunning/tunning-search-eps-converted-to.pdf  used 
on input line 76.
(pdftex.def)             Requested size: 115.19897pt x 115.19878pt.
Package epstopdf Info: Source file: <pic/compare/upsize.eps>
(epstopdf)                    date: 2018-12-11 10:10:39
(epstopdf)                    size: 36084 bytes
(epstopdf)             Output file: <pic/compare/upsize-eps-converted-to.pdf>
(epstopdf)                    date: 2018-12-11 10:35:17
(epstopdf)                    size: 7747 bytes
(epstopdf)             Command: <repstopdf --outfile=pic/compare/upsize-eps-con
verted-to.pdf pic/compare/upsize.eps>
(epstopdf)             \includegraphics on input line 85.
Package epstopdf Info: Output file is already uptodate.
<pic/compare/upsize-eps-converted-to.pdf, id=161, 361.35pt x 361.35pt>
File: pic/compare/upsize-eps-converted-to.pdf Graphic file (type pdf)
<use pic/compare/upsize-eps-converted-to.pdf>
Package pdftex.def Info: pic/compare/upsize-eps-converted-to.pdf  used on input
 line 85.
(pdftex.def)             Requested size: 107.99927pt x 107.99782pt.
Package epstopdf Info: Source file: <pic/compare/downsize.eps>
(epstopdf)                    date: 2018-12-11 10:10:31
(epstopdf)                    size: 36138 bytes
(epstopdf)             Output file: <pic/compare/downsize-eps-converted-to.pdf>

(epstopdf)                    date: 2018-12-11 10:35:16
(epstopdf)                    size: 7711 bytes
(epstopdf)             Command: <repstopdf --outfile=pic/compare/downsize-eps-c
onverted-to.pdf pic/compare/downsize.eps>
(epstopdf)             \includegraphics on input line 90.
Package epstopdf Info: Output file is already uptodate.
<pic/compare/downsize-eps-converted-to.pdf, id=162, 361.35pt x 361.35pt>
File: pic/compare/downsize-eps-converted-to.pdf Graphic file (type pdf)
<use pic/compare/downsize-eps-converted-to.pdf>
Package pdftex.def Info: pic/compare/downsize-eps-converted-to.pdf  used on inp
ut line 90.
(pdftex.def)             Requested size: 107.99927pt x 107.99782pt.
Package epstopdf Info: Source file: <pic/static/static_insert.eps>
(epstopdf)                    date: 2018-12-06 16:58:34
(epstopdf)                    size: 47180 bytes
(epstopdf)             Output file: <pic/static/static_insert-eps-converted-to.
pdf>
(epstopdf)                    date: 2018-12-06 16:58:34
(epstopdf)                    size: 9677 bytes
(epstopdf)             Command: <repstopdf --outfile=pic/static/static_insert-e
ps-converted-to.pdf pic/static/static_insert.eps>
(epstopdf)             \includegraphics on input line 99.
Package epstopdf Info: Output file is already uptodate.
<pic/static/static_insert-eps-converted-to.pdf, id=163, 361.35pt x 361.35pt>
File: pic/static/static_insert-eps-converted-to.pdf Graphic file (type pdf)
<use pic/static/static_insert-eps-converted-to.pdf>
Package pdftex.def Info: pic/static/static_insert-eps-converted-to.pdf  used on
 input line 99.
(pdftex.def)             Requested size: 115.19897pt x 115.19878pt.
Package epstopdf Info: Source file: <pic/static/static_search.eps>
(epstopdf)                    date: 2018-12-06 16:58:34
(epstopdf)                    size: 46466 bytes
(epstopdf)             Output file: <pic/static/static_search-eps-converted-to.
pdf>
(epstopdf)                    date: 2018-12-06 16:58:34
(epstopdf)                    size: 9560 bytes
(epstopdf)             Command: <repstopdf --outfile=pic/static/static_search-e
ps-converted-to.pdf pic/static/static_search.eps>
(epstopdf)             \includegraphics on input line 104.
Package epstopdf Info: Output file is already uptodate.
<pic/static/static_search-eps-converted-to.pdf, id=164, 361.35pt x 361.35pt>
File: pic/static/static_search-eps-converted-to.pdf Graphic file (type pdf)
<use pic/static/static_search-eps-converted-to.pdf>
Package pdftex.def Info: pic/static/static_search-eps-converted-to.pdf  used on
 input line 104.
(pdftex.def)             Requested size: 115.19897pt x 115.19878pt.

LaTeX Warning: Reference `sec:exp:static' on page 8 undefined on input line 112
.

Package epstopdf Info: Source file: <pic/static-profi/warp.eps>
(epstopdf)                    date: 2018-12-06 16:58:34
(epstopdf)                    size: 42299 bytes
(epstopdf)             Output file: <pic/static-profi/warp-eps-converted-to.pdf
>
(epstopdf)                    date: 2018-12-06 16:58:34
(epstopdf)                    size: 8728 bytes
(epstopdf)             Command: <repstopdf --outfile=pic/static-profi/warp-eps-
converted-to.pdf pic/static-profi/warp.eps>
(epstopdf)             \includegraphics on input line 119.
Package epstopdf Info: Output file is already uptodate.
<pic/static-profi/warp-eps-converted-to.pdf, id=165, 361.35pt x 361.35pt>
File: pic/static-profi/warp-eps-converted-to.pdf Graphic file (type pdf)
<use pic/static-profi/warp-eps-converted-to.pdf>
Package pdftex.def Info: pic/static-profi/warp-eps-converted-to.pdf  used on in
put line 119.
(pdftex.def)             Requested size: 151.20154pt x 151.20355pt.
Package epstopdf Info: Source file: <pic/static-profi/L2-read.eps>
(epstopdf)                    date: 2018-12-06 16:58:34
(epstopdf)                    size: 45508 bytes
(epstopdf)             Output file: <pic/static-profi/L2-read-eps-converted-to.
pdf>
(epstopdf)                    date: 2018-12-06 16:58:34
(epstopdf)                    size: 9343 bytes
(epstopdf)             Command: <repstopdf --outfile=pic/static-profi/L2-read-e
ps-converted-to.pdf pic/static-profi/L2-read.eps>
(epstopdf)             \includegraphics on input line 124.
Package epstopdf Info: Output file is already uptodate.
<pic/static-profi/L2-read-eps-converted-to.pdf, id=166, 361.35pt x 361.35pt>
File: pic/static-profi/L2-read-eps-converted-to.pdf Graphic file (type pdf)
<use pic/static-profi/L2-read-eps-converted-to.pdf>
Package pdftex.def Info: pic/static-profi/L2-read-eps-converted-to.pdf  used on
 input line 124.
(pdftex.def)             Requested size: 151.20154pt x 151.20355pt.
Package epstopdf Info: Source file: <pic/static-profi/memory-read.eps>
(epstopdf)                    date: 2018-12-06 16:58:34
(epstopdf)                    size: 44763 bytes
(epstopdf)             Output file: <pic/static-profi/memory-read-eps-converted
-to.pdf>
(epstopdf)                    date: 2018-12-06 16:58:34
(epstopdf)                    size: 9226 bytes
(epstopdf)             Command: <repstopdf --outfile=pic/static-profi/memory-re
ad-eps-converted-to.pdf pic/static-profi/memory-read.eps>
(epstopdf)             \includegraphics on input line 129.
Package epstopdf Info: Output file is already uptodate.
<pic/static-profi/memory-read-eps-converted-to.pdf, id=167, 361.35pt x 361.35pt
>
File: pic/static-profi/memory-read-eps-converted-to.pdf Graphic file (type pdf)

<use pic/static-profi/memory-read-eps-converted-to.pdf>
Package pdftex.def Info: pic/static-profi/memory-read-eps-converted-to.pdf  use
d on input line 129.
(pdftex.def)             Requested size: 151.20154pt x 151.20355pt.

LaTeX Warning: Reference `sec:exp:dynamic' on page 8 undefined on input line 19
9.

[8 <./pic/tunning/tunning-insert-eps-converted-to.pdf> <./pic/tunning/tunning-s
earch-eps-converted-to.pdf> <./pic/compare/upsize-eps-converted-to.pdf> <./pic/
compare/downsize-eps-converted-to.pdf>]

LaTeX Warning: Reference `tbl:parameters' on page 9 undefined on input line 216
.


LaTeX Warning: Reference `fig:vary-table' on page 9 undefined on input line 227
.


LaTeX Warning: Reference `sec:dyn' on page 9 undefined on input line 231.


LaTeX Warning: Reference `algo:insert' on page 9 undefined on input line 232.


LaTeX Warning: Reference `fig:resize' on page 9 undefined on input line 234.


LaTeX Warning: Reference `fig:static' on page 9 undefined on input line 242.


LaTeX Warning: Reference `tab:fail:tw' on page 9 undefined on input line 244.


LaTeX Warning: Reference `tab:fail:com' on page 9 undefined on input line 244.


LaTeX Warning: Reference `tab:fail:com' on page 9 undefined on input line 245.

[9 <./pic/static/static_insert-eps-converted-to.pdf> <./pic/static/static_searc
h-eps-converted-to.pdf>]

LaTeX Warning: Reference `fig:static:all:insert' on page 10 undefined on input 
line 250.


LaTeX Warning: Reference `fig:static:all:search' on page 10 undefined on input 
line 250.


LaTeX Warning: Reference `fig:static:profile' on page 10 undefined on input lin
e 256.


LaTeX Warning: Reference `sec:vot:con' on page 10 undefined on input line 258.


LaTeX Warning: Reference `fig:atomic' on page 10 undefined on input line 263.


Underfull \vbox (badness 10000) has occurred while \output is active []


Overfull \hbox (3.2941pt too wide) in paragraph at lines 266--267
[]\OT1/cmr/m/n/9 In sum-mary, un-der the static en-vi-ron-ment, \OT1/cmtt/m/n/9
 DyHash \OT1/cmr/m/n/9 achieves
 []

Package epstopdf Info: Source file: <pic/dynamic/twitter/diff_lower.eps>
(epstopdf)                    date: 2018-12-11 10:31:14
(epstopdf)                    size: 58916 bytes
(epstopdf)             Output file: <pic/dynamic/twitter/diff_lower-eps-convert
ed-to.pdf>
(epstopdf)                    date: 2018-12-11 10:35:08
(epstopdf)                    size: 9676 bytes
(epstopdf)             Command: <repstopdf --outfile=pic/dynamic/twitter/diff_l
ower-eps-converted-to.pdf pic/dynamic/twitter/diff_lower.eps>
(epstopdf)             \includegraphics on input line 272.
Package epstopdf Info: Output file is already uptodate.
<pic/dynamic/twitter/diff_lower-eps-converted-to.pdf, id=223, 361.35pt x 361.35
pt>
File: pic/dynamic/twitter/diff_lower-eps-converted-to.pdf Graphic file (type pd
f)
<use pic/dynamic/twitter/diff_lower-eps-converted-to.pdf>
Package pdftex.def Info: pic/dynamic/twitter/diff_lower-eps-converted-to.pdf  u
sed on input line 272.
(pdftex.def)             Requested size: 95.76123pt x 95.7573pt.
Package epstopdf Info: Source file: <pic/dynamic/reddit/diff_lower.eps>
(epstopdf)                    date: 2018-12-11 10:31:14
(epstopdf)                    size: 56126 bytes
(epstopdf)             Output file: <pic/dynamic/reddit/diff_lower-eps-converte
d-to.pdf>
(epstopdf)                    date: 2018-12-11 10:35:09
(epstopdf)                    size: 8993 bytes
(epstopdf)             Command: <repstopdf --outfile=pic/dynamic/reddit/diff_lo
wer-eps-converted-to.pdf pic/dynamic/reddit/diff_lower.eps>
(epstopdf)             \includegraphics on input line 276.
Package epstopdf Info: Output file is already uptodate.
<pic/dynamic/reddit/diff_lower-eps-converted-to.pdf, id=224, 361.35pt x 361.35p
t>
File: pic/dynamic/reddit/diff_lower-eps-converted-to.pdf Graphic file (type pdf
)
<use pic/dynamic/reddit/diff_lower-eps-converted-to.pdf>
Package pdftex.def Info: pic/dynamic/reddit/diff_lower-eps-converted-to.pdf  us
ed on input line 276.
(pdftex.def)             Requested size: 95.76123pt x 95.7573pt.
Package epstopdf Info: Source file: <pic/dynamic/tpch/diff_lower.eps>
(epstopdf)                    date: 2018-12-11 10:31:14
(epstopdf)                    size: 56916 bytes
(epstopdf)             Output file: <pic/dynamic/tpch/diff_lower-eps-converted-
to.pdf>
(epstopdf)                    date: 2018-12-11 10:35:09
(epstopdf)                    size: 9159 bytes
(epstopdf)             Command: <repstopdf --outfile=pic/dynamic/tpch/diff_lowe
r-eps-converted-to.pdf pic/dynamic/tpch/diff_lower.eps>
(epstopdf)             \includegraphics on input line 280.
Package epstopdf Info: Output file is already uptodate.
<pic/dynamic/tpch/diff_lower-eps-converted-to.pdf, id=225, 361.35pt x 361.35pt>

File: pic/dynamic/tpch/diff_lower-eps-converted-to.pdf Graphic file (type pdf)
<use pic/dynamic/tpch/diff_lower-eps-converted-to.pdf>
Package pdftex.def Info: pic/dynamic/tpch/diff_lower-eps-converted-to.pdf  used
 on input line 280.
(pdftex.def)             Requested size: 95.76123pt x 95.7573pt.
Package epstopdf Info: Source file: <pic/dynamic/ali/diff_lower.eps>
(epstopdf)                    date: 2018-12-11 10:31:14
(epstopdf)                    size: 56450 bytes
(epstopdf)             Output file: <pic/dynamic/ali/diff_lower-eps-converted-t
o.pdf>
(epstopdf)                    date: 2018-12-11 10:35:10
(epstopdf)                    size: 9155 bytes
(epstopdf)             Command: <repstopdf --outfile=pic/dynamic/ali/diff_lower
-eps-converted-to.pdf pic/dynamic/ali/diff_lower.eps>
(epstopdf)             \includegraphics on input line 284.
Package epstopdf Info: Output file is already uptodate.
<pic/dynamic/ali/diff_lower-eps-converted-to.pdf, id=226, 361.35pt x 361.35pt>
File: pic/dynamic/ali/diff_lower-eps-converted-to.pdf Graphic file (type pdf)
<use pic/dynamic/ali/diff_lower-eps-converted-to.pdf>
Package pdftex.def Info: pic/dynamic/ali/diff_lower-eps-converted-to.pdf  used 
on input line 284.
(pdftex.def)             Requested size: 95.76123pt x 95.7573pt.
Package epstopdf Info: Source file: <pic/dynamic/random/diff_lower.eps>
(epstopdf)                    date: 2018-12-11 10:31:14
(epstopdf)                    size: 56973 bytes
(epstopdf)             Output file: <pic/dynamic/random/diff_lower-eps-converte
d-to.pdf>
(epstopdf)                    date: 2018-12-11 10:35:10
(epstopdf)                    size: 9229 bytes
(epstopdf)             Command: <repstopdf --outfile=pic/dynamic/random/diff_lo
wer-eps-converted-to.pdf pic/dynamic/random/diff_lower.eps>
(epstopdf)             \includegraphics on input line 288.
Package epstopdf Info: Output file is already uptodate.
<pic/dynamic/random/diff_lower-eps-converted-to.pdf, id=227, 361.35pt x 361.35p
t>
File: pic/dynamic/random/diff_lower-eps-converted-to.pdf Graphic file (type pdf
)
<use pic/dynamic/random/diff_lower-eps-converted-to.pdf>
Package pdftex.def Info: pic/dynamic/random/diff_lower-eps-converted-to.pdf  us
ed on input line 288.
(pdftex.def)             Requested size: 95.76123pt x 95.7573pt.
Package epstopdf Info: Source file: <pic/dynamic/twitter/diff_upper.eps>
(epstopdf)                    date: 2018-12-11 10:31:14
(epstopdf)                    size: 59225 bytes
(epstopdf)             Output file: <pic/dynamic/twitter/diff_upper-eps-convert
ed-to.pdf>
(epstopdf)                    date: 2018-12-11 10:35:10
(epstopdf)                    size: 9779 bytes
(epstopdf)             Command: <repstopdf --outfile=pic/dynamic/twitter/diff_u
pper-eps-converted-to.pdf pic/dynamic/twitter/diff_upper.eps>
(epstopdf)             \includegraphics on input line 297.
Package epstopdf Info: Output file is already uptodate.
<pic/dynamic/twitter/diff_upper-eps-converted-to.pdf, id=228, 361.35pt x 361.35
pt>
File: pic/dynamic/twitter/diff_upper-eps-converted-to.pdf Graphic file (type pd
f)
<use pic/dynamic/twitter/diff_upper-eps-converted-to.pdf>
Package pdftex.def Info: pic/dynamic/twitter/diff_upper-eps-converted-to.pdf  u
sed on input line 297.
(pdftex.def)             Requested size: 95.76123pt x 95.7573pt.
Package epstopdf Info: Source file: <pic/dynamic/reddit/diff_upper.eps>
(epstopdf)                    date: 2018-12-11 10:31:14
(epstopdf)                    size: 56720 bytes
(epstopdf)             Output file: <pic/dynamic/reddit/diff_upper-eps-converte
d-to.pdf>
(epstopdf)                    date: 2018-12-11 10:35:11
(epstopdf)                    size: 9235 bytes
(epstopdf)             Command: <repstopdf --outfile=pic/dynamic/reddit/diff_up
per-eps-converted-to.pdf pic/dynamic/reddit/diff_upper.eps>
(epstopdf)             \includegraphics on input line 301.
Package epstopdf Info: Output file is already uptodate.
<pic/dynamic/reddit/diff_upper-eps-converted-to.pdf, id=229, 361.35pt x 361.35p
t>
File: pic/dynamic/reddit/diff_upper-eps-converted-to.pdf Graphic file (type pdf
)
<use pic/dynamic/reddit/diff_upper-eps-converted-to.pdf>
Package pdftex.def Info: pic/dynamic/reddit/diff_upper-eps-converted-to.pdf  us
ed on input line 301.
(pdftex.def)             Requested size: 95.76123pt x 95.7573pt.
Package epstopdf Info: Source file: <pic/dynamic/tpch/diff_upper.eps>
(epstopdf)                    date: 2018-12-11 10:31:14
(epstopdf)                    size: 57983 bytes
(epstopdf)             Output file: <pic/dynamic/tpch/diff_upper-eps-converted-
to.pdf>
(epstopdf)                    date: 2018-12-11 10:35:11
(epstopdf)                    size: 9501 bytes
(epstopdf)             Command: <repstopdf --outfile=pic/dynamic/tpch/diff_uppe
r-eps-converted-to.pdf pic/dynamic/tpch/diff_upper.eps>
(epstopdf)             \includegraphics on input line 305.
Package epstopdf Info: Output file is already uptodate.
<pic/dynamic/tpch/diff_upper-eps-converted-to.pdf, id=230, 361.35pt x 361.35pt>

File: pic/dynamic/tpch/diff_upper-eps-converted-to.pdf Graphic file (type pdf)
<use pic/dynamic/tpch/diff_upper-eps-converted-to.pdf>
Package pdftex.def Info: pic/dynamic/tpch/diff_upper-eps-converted-to.pdf  used
 on input line 305.
(pdftex.def)             Requested size: 95.76123pt x 95.7573pt.
Package epstopdf Info: Source file: <pic/dynamic/ali/diff_upper.eps>
(epstopdf)                    date: 2018-12-11 10:31:14
(epstopdf)                    size: 57800 bytes
(epstopdf)             Output file: <pic/dynamic/ali/diff_upper-eps-converted-t
o.pdf>
(epstopdf)                    date: 2018-12-11 10:35:11
(epstopdf)                    size: 9515 bytes
(epstopdf)             Command: <repstopdf --outfile=pic/dynamic/ali/diff_upper
-eps-converted-to.pdf pic/dynamic/ali/diff_upper.eps>
(epstopdf)             \includegraphics on input line 309.
Package epstopdf Info: Output file is already uptodate.
<pic/dynamic/ali/diff_upper-eps-converted-to.pdf, id=231, 361.35pt x 361.35pt>
File: pic/dynamic/ali/diff_upper-eps-converted-to.pdf Graphic file (type pdf)
<use pic/dynamic/ali/diff_upper-eps-converted-to.pdf>
Package pdftex.def Info: pic/dynamic/ali/diff_upper-eps-converted-to.pdf  used 
on input line 309.
(pdftex.def)             Requested size: 95.76123pt x 95.7573pt.
Package epstopdf Info: Source file: <pic/dynamic/random/diff_upper.eps>
(epstopdf)                    date: 2018-12-11 10:31:14
(epstopdf)                    size: 58381 bytes
(epstopdf)             Output file: <pic/dynamic/random/diff_upper-eps-converte
d-to.pdf>
(epstopdf)                    date: 2018-12-11 10:35:12
(epstopdf)                    size: 9528 bytes
(epstopdf)             Command: <repstopdf --outfile=pic/dynamic/random/diff_up
per-eps-converted-to.pdf pic/dynamic/random/diff_upper.eps>
(epstopdf)             \includegraphics on input line 313.
Package epstopdf Info: Output file is already uptodate.
<pic/dynamic/random/diff_upper-eps-converted-to.pdf, id=232, 361.35pt x 361.35p
t>
File: pic/dynamic/random/diff_upper-eps-converted-to.pdf Graphic file (type pdf
)
<use pic/dynamic/random/diff_upper-eps-converted-to.pdf>
Package pdftex.def Info: pic/dynamic/random/diff_upper-eps-converted-to.pdf  us
ed on input line 313.
(pdftex.def)             Requested size: 95.76123pt x 95.7573pt.
Package epstopdf Info: Source file: <pic/dynamic/twitter/diff_r.eps>
(epstopdf)                    date: 2018-12-11 10:31:14
(epstopdf)                    size: 56104 bytes
(epstopdf)             Output file: <pic/dynamic/twitter/diff_r-eps-converted-t
o.pdf>
(epstopdf)                    date: 2018-12-11 10:35:12
(epstopdf)                    size: 9195 bytes
(epstopdf)             Command: <repstopdf --outfile=pic/dynamic/twitter/diff_r
-eps-converted-to.pdf pic/dynamic/twitter/diff_r.eps>
(epstopdf)             \includegraphics on input line 322.
Package epstopdf Info: Output file is already uptodate.
<pic/dynamic/twitter/diff_r-eps-converted-to.pdf, id=233, 361.35pt x 361.35pt>
File: pic/dynamic/twitter/diff_r-eps-converted-to.pdf Graphic file (type pdf)
<use pic/dynamic/twitter/diff_r-eps-converted-to.pdf>
Package pdftex.def Info: pic/dynamic/twitter/diff_r-eps-converted-to.pdf  used 
on input line 322.
(pdftex.def)             Requested size: 95.76123pt x 95.7573pt.
Package epstopdf Info: Source file: <pic/dynamic/reddit/diff_r.eps>
(epstopdf)                    date: 2018-12-11 10:31:14
(epstopdf)                    size: 54256 bytes
(epstopdf)             Output file: <pic/dynamic/reddit/diff_r-eps-converted-to
.pdf>
(epstopdf)                    date: 2018-12-11 10:35:13
(epstopdf)                    size: 8733 bytes
(epstopdf)             Command: <repstopdf --outfile=pic/dynamic/reddit/diff_r-
eps-converted-to.pdf pic/dynamic/reddit/diff_r.eps>
(epstopdf)             \includegraphics on input line 326.
Package epstopdf Info: Output file is already uptodate.
<pic/dynamic/reddit/diff_r-eps-converted-to.pdf, id=234, 361.35pt x 361.35pt>
File: pic/dynamic/reddit/diff_r-eps-converted-to.pdf Graphic file (type pdf)
<use pic/dynamic/reddit/diff_r-eps-converted-to.pdf>
Package pdftex.def Info: pic/dynamic/reddit/diff_r-eps-converted-to.pdf  used o
n input line 326.
(pdftex.def)             Requested size: 95.76123pt x 95.7573pt.
Package epstopdf Info: Source file: <pic/dynamic/tpch/diff_r.eps>
(epstopdf)                    date: 2018-12-11 10:31:14
(epstopdf)                    size: 55548 bytes
(epstopdf)             Output file: <pic/dynamic/tpch/diff_r-eps-converted-to.p
df>
(epstopdf)                    date: 2018-12-11 10:35:13
(epstopdf)                    size: 9032 bytes
(epstopdf)             Command: <repstopdf --outfile=pic/dynamic/tpch/diff_r-ep
s-converted-to.pdf pic/dynamic/tpch/diff_r.eps>
(epstopdf)             \includegraphics on input line 330.
Package epstopdf Info: Output file is already uptodate.
<pic/dynamic/tpch/diff_r-eps-converted-to.pdf, id=235, 361.35pt x 361.35pt>
File: pic/dynamic/tpch/diff_r-eps-converted-to.pdf Graphic file (type pdf)
<use pic/dynamic/tpch/diff_r-eps-converted-to.pdf>
Package pdftex.def Info: pic/dynamic/tpch/diff_r-eps-converted-to.pdf  used on 
input line 330.
(pdftex.def)             Requested size: 95.76123pt x 95.7573pt.
Package epstopdf Info: Source file: <pic/dynamic/ali/diff_r.eps>
(epstopdf)                    date: 2018-12-11 10:31:14
(epstopdf)                    size: 54683 bytes
(epstopdf)             Output file: <pic/dynamic/ali/diff_r-eps-converted-to.pd
f>
(epstopdf)                    date: 2018-12-11 10:35:13
(epstopdf)                    size: 8859 bytes
(epstopdf)             Command: <repstopdf --outfile=pic/dynamic/ali/diff_r-eps
-converted-to.pdf pic/dynamic/ali/diff_r.eps>
(epstopdf)             \includegraphics on input line 334.
Package epstopdf Info: Output file is already uptodate.
<pic/dynamic/ali/diff_r-eps-converted-to.pdf, id=236, 361.35pt x 361.35pt>
File: pic/dynamic/ali/diff_r-eps-converted-to.pdf Graphic file (type pdf)
<use pic/dynamic/ali/diff_r-eps-converted-to.pdf>
Package pdftex.def Info: pic/dynamic/ali/diff_r-eps-converted-to.pdf  used on i
nput line 334.
(pdftex.def)             Requested size: 95.76123pt x 95.7573pt.
Package epstopdf Info: Source file: <pic/dynamic/random/diff_r.eps>
(epstopdf)                    date: 2018-12-11 10:31:14
(epstopdf)                    size: 55259 bytes
(epstopdf)             Output file: <pic/dynamic/random/diff_r-eps-converted-to
.pdf>
(epstopdf)                    date: 2018-12-11 10:35:14
(epstopdf)                    size: 8979 bytes
(epstopdf)             Command: <repstopdf --outfile=pic/dynamic/random/diff_r-
eps-converted-to.pdf pic/dynamic/random/diff_r.eps>
(epstopdf)             \includegraphics on input line 338.
Package epstopdf Info: Output file is already uptodate.
<pic/dynamic/random/diff_r-eps-converted-to.pdf, id=237, 361.35pt x 361.35pt>
File: pic/dynamic/random/diff_r-eps-converted-to.pdf Graphic file (type pdf)
<use pic/dynamic/random/diff_r-eps-converted-to.pdf>
Package pdftex.def Info: pic/dynamic/random/diff_r-eps-converted-to.pdf  used o
n input line 338.
(pdftex.def)             Requested size: 95.76123pt x 95.7573pt.
Package epstopdf Info: Source file: <pic/dynamic/twitter/diff_batch_size.eps>
(epstopdf)                    date: 2018-12-11 10:31:14
(epstopdf)                    size: 52521 bytes
(epstopdf)             Output file: <pic/dynamic/twitter/diff_batch_size-eps-co
nverted-to.pdf>
(epstopdf)                    date: 2018-12-11 10:35:14
(epstopdf)                    size: 9249 bytes
(epstopdf)             Command: <repstopdf --outfile=pic/dynamic/twitter/diff_b
atch_size-eps-converted-to.pdf pic/dynamic/twitter/diff_batch_size.eps>
(epstopdf)             \includegraphics on input line 347.
Package epstopdf Info: Output file is already uptodate.
<pic/dynamic/twitter/diff_batch_size-eps-converted-to.pdf, id=238, 361.35pt x 3
61.35pt>
File: pic/dynamic/twitter/diff_batch_size-eps-converted-to.pdf Graphic file (ty
pe pdf)
<use pic/dynamic/twitter/diff_batch_size-eps-converted-to.pdf>
Package pdftex.def Info: pic/dynamic/twitter/diff_batch_size-eps-converted-to.p
df  used on input line 347.
(pdftex.def)             Requested size: 95.76123pt x 95.7573pt.
Package epstopdf Info: Source file: <pic/dynamic/reddit/diff_batch_size.eps>
(epstopdf)                    date: 2018-12-11 10:31:14
(epstopdf)                    size: 50201 bytes
(epstopdf)             Output file: <pic/dynamic/reddit/diff_batch_size-eps-con
verted-to.pdf>
(epstopdf)                    date: 2018-12-11 10:35:15
(epstopdf)                    size: 8690 bytes
(epstopdf)             Command: <repstopdf --outfile=pic/dynamic/reddit/diff_ba
tch_size-eps-converted-to.pdf pic/dynamic/reddit/diff_batch_size.eps>
(epstopdf)             \includegraphics on input line 351.
Package epstopdf Info: Output file is already uptodate.
<pic/dynamic/reddit/diff_batch_size-eps-converted-to.pdf, id=239, 361.35pt x 36
1.35pt>
File: pic/dynamic/reddit/diff_batch_size-eps-converted-to.pdf Graphic file (typ
e pdf)
<use pic/dynamic/reddit/diff_batch_size-eps-converted-to.pdf>
Package pdftex.def Info: pic/dynamic/reddit/diff_batch_size-eps-converted-to.pd
f  used on input line 351.
(pdftex.def)             Requested size: 95.76123pt x 95.7573pt.
Package epstopdf Info: Source file: <pic/dynamic/tpch/diff_batch_size.eps>
(epstopdf)                    date: 2018-12-11 10:31:14
(epstopdf)                    size: 51280 bytes
(epstopdf)             Output file: <pic/dynamic/tpch/diff_batch_size-eps-conve
rted-to.pdf>
(epstopdf)                    date: 2018-12-11 10:35:15
(epstopdf)                    size: 8916 bytes
(epstopdf)             Command: <repstopdf --outfile=pic/dynamic/tpch/diff_batc
h_size-eps-converted-to.pdf pic/dynamic/tpch/diff_batch_size.eps>
(epstopdf)             \includegraphics on input line 355.
Package epstopdf Info: Output file is already uptodate.
<pic/dynamic/tpch/diff_batch_size-eps-converted-to.pdf, id=240, 361.35pt x 361.
35pt>
File: pic/dynamic/tpch/diff_batch_size-eps-converted-to.pdf Graphic file (type 
pdf)
<use pic/dynamic/tpch/diff_batch_size-eps-converted-to.pdf>
Package pdftex.def Info: pic/dynamic/tpch/diff_batch_size-eps-converted-to.pdf 
 used on input line 355.
(pdftex.def)             Requested size: 95.76123pt x 95.7573pt.
Package epstopdf Info: Source file: <pic/dynamic/ali/diff_batch_size.eps>
(epstopdf)                    date: 2018-12-11 10:31:14
(epstopdf)                    size: 51334 bytes
(epstopdf)             Output file: <pic/dynamic/ali/diff_batch_size-eps-conver
ted-to.pdf>
(epstopdf)                    date: 2018-12-11 10:35:15
(epstopdf)                    size: 8957 bytes
(epstopdf)             Command: <repstopdf --outfile=pic/dynamic/ali/diff_batch
_size-eps-converted-to.pdf pic/dynamic/ali/diff_batch_size.eps>
(epstopdf)             \includegraphics on input line 359.
Package epstopdf Info: Output file is already uptodate.
<pic/dynamic/ali/diff_batch_size-eps-converted-to.pdf, id=241, 361.35pt x 361.3
5pt>
File: pic/dynamic/ali/diff_batch_size-eps-converted-to.pdf Graphic file (type p
df)
<use pic/dynamic/ali/diff_batch_size-eps-converted-to.pdf>
Package pdftex.def Info: pic/dynamic/ali/diff_batch_size-eps-converted-to.pdf  
used on input line 359.
(pdftex.def)             Requested size: 95.76123pt x 95.7573pt.
Package epstopdf Info: Source file: <pic/dynamic/random/diff_batch_size.eps>
(epstopdf)                    date: 2018-12-11 10:31:14
(epstopdf)                    size: 52305 bytes
(epstopdf)             Output file: <pic/dynamic/random/diff_batch_size-eps-con
verted-to.pdf>
(epstopdf)                    date: 2018-12-11 10:35:16
(epstopdf)                    size: 9183 bytes
(epstopdf)             Command: <repstopdf --outfile=pic/dynamic/random/diff_ba
tch_size-eps-converted-to.pdf pic/dynamic/random/diff_batch_size.eps>
(epstopdf)             \includegraphics on input line 363.
Package epstopdf Info: Output file is already uptodate.
<pic/dynamic/random/diff_batch_size-eps-converted-to.pdf, id=242, 361.35pt x 36
1.35pt>
File: pic/dynamic/random/diff_batch_size-eps-converted-to.pdf Graphic file (typ
e pdf)
<use pic/dynamic/random/diff_batch_size-eps-converted-to.pdf>
Package pdftex.def Info: pic/dynamic/random/diff_batch_size-eps-converted-to.pd
f  used on input line 363.
(pdftex.def)             Requested size: 95.76123pt x 95.7573pt.
Package epstopdf Info: Source file: <pic/dynamic-stability/dynamic-sta-twitter.
eps>
(epstopdf)                    date: 2018-12-06 16:58:34
(epstopdf)                    size: 41027 bytes
(epstopdf)             Output file: <pic/dynamic-stability/dynamic-sta-twitter-
eps-converted-to.pdf>
(epstopdf)                    date: 2018-12-06 16:58:34
(epstopdf)                    size: 8127 bytes
(epstopdf)             Command: <repstopdf --outfile=pic/dynamic-stability/dyna
mic-sta-twitter-eps-converted-to.pdf pic/dynamic-stability/dynamic-sta-twitter.
eps>
(epstopdf)             \includegraphics on input line 371.
Package epstopdf Info: Output file is already uptodate.
<pic/dynamic-stability/dynamic-sta-twitter-eps-converted-to.pdf, id=243, 361.35
pt x 361.35pt>
File: pic/dynamic-stability/dynamic-sta-twitter-eps-converted-to.pdf Graphic fi
le (type pdf)
<use pic/dynamic-stability/dynamic-sta-twitter-eps-converted-to.pdf>
Package pdftex.def Info: pic/dynamic-stability/dynamic-sta-twitter-eps-converte
d-to.pdf  used on input line 371.
(pdftex.def)             Requested size: 95.76123pt x 95.7573pt.
Package epstopdf Info: Source file: <pic/dynamic-stability/dynamic-sta-reddit.e
ps>
(epstopdf)                    date: 2018-12-06 16:58:34
(epstopdf)                    size: 40729 bytes
(epstopdf)             Output file: <pic/dynamic-stability/dynamic-sta-reddit-e
ps-converted-to.pdf>
(epstopdf)                    date: 2018-12-06 16:58:34
(epstopdf)                    size: 7921 bytes
(epstopdf)             Command: <repstopdf --outfile=pic/dynamic-stability/dyna
mic-sta-reddit-eps-converted-to.pdf pic/dynamic-stability/dynamic-sta-reddit.ep
s>
(epstopdf)             \includegraphics on input line 375.
Package epstopdf Info: Output file is already uptodate.
<pic/dynamic-stability/dynamic-sta-reddit-eps-converted-to.pdf, id=244, 361.35p
t x 361.35pt>
File: pic/dynamic-stability/dynamic-sta-reddit-eps-converted-to.pdf Graphic fil
e (type pdf)
<use pic/dynamic-stability/dynamic-sta-reddit-eps-converted-to.pdf>
Package pdftex.def Info: pic/dynamic-stability/dynamic-sta-reddit-eps-converted
-to.pdf  used on input line 375.
(pdftex.def)             Requested size: 95.76123pt x 95.7573pt.
Package epstopdf Info: Source file: <pic/dynamic-stability/dynamic-sta-tpch.eps
>
(epstopdf)                    date: 2018-12-06 16:58:34
(epstopdf)                    size: 40265 bytes
(epstopdf)             Output file: <pic/dynamic-stability/dynamic-sta-tpch-eps
-converted-to.pdf>
(epstopdf)                    date: 2018-12-06 16:58:34
(epstopdf)                    size: 7934 bytes
(epstopdf)             Command: <repstopdf --outfile=pic/dynamic-stability/dyna
mic-sta-tpch-eps-converted-to.pdf pic/dynamic-stability/dynamic-sta-tpch.eps>
(epstopdf)             \includegraphics on input line 379.
Package epstopdf Info: Output file is already uptodate.
<pic/dynamic-stability/dynamic-sta-tpch-eps-converted-to.pdf, id=245, 361.35pt 
x 361.35pt>
File: pic/dynamic-stability/dynamic-sta-tpch-eps-converted-to.pdf Graphic file 
(type pdf)
<use pic/dynamic-stability/dynamic-sta-tpch-eps-converted-to.pdf>
Package pdftex.def Info: pic/dynamic-stability/dynamic-sta-tpch-eps-converted-t
o.pdf  used on input line 379.
(pdftex.def)             Requested size: 95.76123pt x 95.7573pt.
Package epstopdf Info: Source file: <pic/dynamic-stability/dynamic-sta-ali.eps>

(epstopdf)                    date: 2018-12-06 16:58:34
(epstopdf)                    size: 40781 bytes
(epstopdf)             Output file: <pic/dynamic-stability/dynamic-sta-ali-eps-
converted-to.pdf>
(epstopdf)                    date: 2018-12-06 16:58:34
(epstopdf)                    size: 7958 bytes
(epstopdf)             Command: <repstopdf --outfile=pic/dynamic-stability/dyna
mic-sta-ali-eps-converted-to.pdf pic/dynamic-stability/dynamic-sta-ali.eps>
(epstopdf)             \includegraphics on input line 383.
Package epstopdf Info: Output file is already uptodate.
<pic/dynamic-stability/dynamic-sta-ali-eps-converted-to.pdf, id=246, 361.35pt x
 361.35pt>
File: pic/dynamic-stability/dynamic-sta-ali-eps-converted-to.pdf Graphic file (
type pdf)
<use pic/dynamic-stability/dynamic-sta-ali-eps-converted-to.pdf>
Package pdftex.def Info: pic/dynamic-stability/dynamic-sta-ali-eps-converted-to
.pdf  used on input line 383.
(pdftex.def)             Requested size: 95.76123pt x 95.7573pt.
Package epstopdf Info: Source file: <pic/dynamic-stability/dynamic-sta-random.e
ps>
(epstopdf)                    date: 2018-12-06 16:58:34
(epstopdf)                    size: 40433 bytes
(epstopdf)             Output file: <pic/dynamic-stability/dynamic-sta-random-e
ps-converted-to.pdf>
(epstopdf)                    date: 2018-12-06 16:58:34
(epstopdf)                    size: 7946 bytes
(epstopdf)             Command: <repstopdf --outfile=pic/dynamic-stability/dyna
mic-sta-random-eps-converted-to.pdf pic/dynamic-stability/dynamic-sta-random.ep
s>
(epstopdf)             \includegraphics on input line 387.
Package epstopdf Info: Output file is already uptodate.
<pic/dynamic-stability/dynamic-sta-random-eps-converted-to.pdf, id=247, 361.35p
t x 361.35pt>
File: pic/dynamic-stability/dynamic-sta-random-eps-converted-to.pdf Graphic fil
e (type pdf)
<use pic/dynamic-stability/dynamic-sta-random-eps-converted-to.pdf>
Package pdftex.def Info: pic/dynamic-stability/dynamic-sta-random-eps-converted
-to.pdf  used on input line 387.
(pdftex.def)             Requested size: 95.76123pt x 95.7573pt.
Package epstopdf Info: Source file: <pic/static-upper/upper_insert_twitter.eps>

(epstopdf)                    date: 2018-12-11 11:29:04
(epstopdf)                    size: 46391 bytes
(epstopdf)             Output file: <pic/static-upper/upper_insert_twitter-eps-
converted-to.pdf>
(epstopdf)                    date: 2018-12-11 11:32:21
(epstopdf)                    size: 9700 bytes
(epstopdf)             Command: <repstopdf --outfile=pic/static-upper/upper_ins
ert_twitter-eps-converted-to.pdf pic/static-upper/upper_insert_twitter.eps>
(epstopdf)             \includegraphics on input line 396.
Package epstopdf Info: Output file is already uptodate.
<pic/static-upper/upper_insert_twitter-eps-converted-to.pdf, id=248, 361.35pt x
 361.35pt>
File: pic/static-upper/upper_insert_twitter-eps-converted-to.pdf Graphic file (
type pdf)
<use pic/static-upper/upper_insert_twitter-eps-converted-to.pdf>
Package pdftex.def Info: pic/static-upper/upper_insert_twitter-eps-converted-to
.pdf  used on input line 396.
(pdftex.def)             Requested size: 95.76123pt x 95.7573pt.
Package epstopdf Info: Source file: <pic/static-upper/upper_insert_reddit.eps>
(epstopdf)                    date: 2018-12-11 11:29:04
(epstopdf)                    size: 45451 bytes
(epstopdf)             Output file: <pic/static-upper/upper_insert_reddit-eps-c
onverted-to.pdf>
(epstopdf)                    date: 2018-12-11 11:32:21
(epstopdf)                    size: 9442 bytes
(epstopdf)             Command: <repstopdf --outfile=pic/static-upper/upper_ins
ert_reddit-eps-converted-to.pdf pic/static-upper/upper_insert_reddit.eps>
(epstopdf)             \includegraphics on input line 401.
Package epstopdf Info: Output file is already uptodate.
<pic/static-upper/upper_insert_reddit-eps-converted-to.pdf, id=249, 361.35pt x 
361.35pt>
File: pic/static-upper/upper_insert_reddit-eps-converted-to.pdf Graphic file (t
ype pdf)
<use pic/static-upper/upper_insert_reddit-eps-converted-to.pdf>
Package pdftex.def Info: pic/static-upper/upper_insert_reddit-eps-converted-to.
pdf  used on input line 401.
(pdftex.def)             Requested size: 95.76123pt x 95.7573pt.
Package epstopdf Info: Source file: <pic/static-upper/upper_insert_tpch.eps>
(epstopdf)                    date: 2018-12-11 11:29:04
(epstopdf)                    size: 45464 bytes
(epstopdf)             Output file: <pic/static-upper/upper_insert_tpch-eps-con
verted-to.pdf>
(epstopdf)                    date: 2018-12-11 11:32:22
(epstopdf)                    size: 9441 bytes
(epstopdf)             Command: <repstopdf --outfile=pic/static-upper/upper_ins
ert_tpch-eps-converted-to.pdf pic/static-upper/upper_insert_tpch.eps>
(epstopdf)             \includegraphics on input line 406.
Package epstopdf Info: Output file is already uptodate.
<pic/static-upper/upper_insert_tpch-eps-converted-to.pdf, id=250, 361.35pt x 36
1.35pt>
File: pic/static-upper/upper_insert_tpch-eps-converted-to.pdf Graphic file (typ
e pdf)
<use pic/static-upper/upper_insert_tpch-eps-converted-to.pdf>
Package pdftex.def Info: pic/static-upper/upper_insert_tpch-eps-converted-to.pd
f  used on input line 406.
(pdftex.def)             Requested size: 95.76123pt x 95.7573pt.
Package epstopdf Info: Source file: <pic/static-upper/upper_insert_ali.eps>
(epstopdf)                    date: 2018-12-11 11:29:04
(epstopdf)                    size: 45671 bytes
(epstopdf)             Output file: <pic/static-upper/upper_insert_ali-eps-conv
erted-to.pdf>
(epstopdf)                    date: 2018-12-11 11:32:22
(epstopdf)                    size: 9462 bytes
(epstopdf)             Command: <repstopdf --outfile=pic/static-upper/upper_ins
ert_ali-eps-converted-to.pdf pic/static-upper/upper_insert_ali.eps>
(epstopdf)             \includegraphics on input line 411.
Package epstopdf Info: Output file is already uptodate.
<pic/static-upper/upper_insert_ali-eps-converted-to.pdf, id=251, 361.35pt x 361
.35pt>
File: pic/static-upper/upper_insert_ali-eps-converted-to.pdf Graphic file (type
 pdf)
<use pic/static-upper/upper_insert_ali-eps-converted-to.pdf>
Package pdftex.def Info: pic/static-upper/upper_insert_ali-eps-converted-to.pdf
  used on input line 411.
(pdftex.def)             Requested size: 95.76123pt x 95.7573pt.
Package epstopdf Info: Source file: <pic/static-upper/upper_insert_random.eps>
(epstopdf)                    date: 2018-12-11 11:29:04
(epstopdf)                    size: 45472 bytes
(epstopdf)             Output file: <pic/static-upper/upper_insert_random-eps-c
onverted-to.pdf>
(epstopdf)                    date: 2018-12-11 11:32:22
(epstopdf)                    size: 9448 bytes
(epstopdf)             Command: <repstopdf --outfile=pic/static-upper/upper_ins
ert_random-eps-converted-to.pdf pic/static-upper/upper_insert_random.eps>
(epstopdf)             \includegraphics on input line 416.
Package epstopdf Info: Output file is already uptodate.
<pic/static-upper/upper_insert_random-eps-converted-to.pdf, id=252, 361.35pt x 
361.35pt>
File: pic/static-upper/upper_insert_random-eps-converted-to.pdf Graphic file (t
ype pdf)
<use pic/static-upper/upper_insert_random-eps-converted-to.pdf>
Package pdftex.def Info: pic/static-upper/upper_insert_random-eps-converted-to.
pdf  used on input line 416.
(pdftex.def)             Requested size: 95.76123pt x 95.7573pt.
Package epstopdf Info: Source file: <pic/static-upper/upper_search_twitter.eps>

(epstopdf)                    date: 2018-12-11 11:29:04
(epstopdf)                    size: 46743 bytes
(epstopdf)             Output file: <pic/static-upper/upper_search_twitter-eps-
converted-to.pdf>
(epstopdf)                    date: 2018-12-11 11:32:23
(epstopdf)                    size: 9766 bytes
(epstopdf)             Command: <repstopdf --outfile=pic/static-upper/upper_sea
rch_twitter-eps-converted-to.pdf pic/static-upper/upper_search_twitter.eps>
(epstopdf)             \includegraphics on input line 424.
Package epstopdf Info: Output file is already uptodate.
<pic/static-upper/upper_search_twitter-eps-converted-to.pdf, id=253, 361.35pt x
 361.35pt>
File: pic/static-upper/upper_search_twitter-eps-converted-to.pdf Graphic file (
type pdf)
<use pic/static-upper/upper_search_twitter-eps-converted-to.pdf>
Package pdftex.def Info: pic/static-upper/upper_search_twitter-eps-converted-to
.pdf  used on input line 424.
(pdftex.def)             Requested size: 95.76123pt x 95.7573pt.
Package epstopdf Info: Source file: <pic/static-upper/upper_search_reddit.eps>
(epstopdf)                    date: 2018-12-11 11:29:04
(epstopdf)                    size: 45823 bytes
(epstopdf)             Output file: <pic/static-upper/upper_search_reddit-eps-c
onverted-to.pdf>
(epstopdf)                    date: 2018-12-11 11:32:23
(epstopdf)                    size: 9489 bytes
(epstopdf)             Command: <repstopdf --outfile=pic/static-upper/upper_sea
rch_reddit-eps-converted-to.pdf pic/static-upper/upper_search_reddit.eps>
(epstopdf)             \includegraphics on input line 429.
Package epstopdf Info: Output file is already uptodate.
<pic/static-upper/upper_search_reddit-eps-converted-to.pdf, id=254, 361.35pt x 
361.35pt>
File: pic/static-upper/upper_search_reddit-eps-converted-to.pdf Graphic file (t
ype pdf)
<use pic/static-upper/upper_search_reddit-eps-converted-to.pdf>
Package pdftex.def Info: pic/static-upper/upper_search_reddit-eps-converted-to.
pdf  used on input line 429.
(pdftex.def)             Requested size: 95.76123pt x 95.7573pt.
Package epstopdf Info: Source file: <pic/static-upper/upper_search_tpch.eps>
(epstopdf)                    date: 2018-12-11 11:29:04
(epstopdf)                    size: 45807 bytes
(epstopdf)             Output file: <pic/static-upper/upper_search_tpch-eps-con
verted-to.pdf>
(epstopdf)                    date: 2018-12-11 11:32:24
(epstopdf)                    size: 9465 bytes
(epstopdf)             Command: <repstopdf --outfile=pic/static-upper/upper_sea
rch_tpch-eps-converted-to.pdf pic/static-upper/upper_search_tpch.eps>
(epstopdf)             \includegraphics on input line 434.
Package epstopdf Info: Output file is already uptodate.
<pic/static-upper/upper_search_tpch-eps-converted-to.pdf, id=255, 361.35pt x 36
1.35pt>
File: pic/static-upper/upper_search_tpch-eps-converted-to.pdf Graphic file (typ
e pdf)
<use pic/static-upper/upper_search_tpch-eps-converted-to.pdf>
Package pdftex.def Info: pic/static-upper/upper_search_tpch-eps-converted-to.pd
f  used on input line 434.
(pdftex.def)             Requested size: 95.76123pt x 95.7573pt.
Package epstopdf Info: Source file: <pic/static-upper/upper_search_ali.eps>
(epstopdf)                    date: 2018-12-11 11:29:04
(epstopdf)                    size: 44619 bytes
(epstopdf)             Output file: <pic/static-upper/upper_search_ali-eps-conv
erted-to.pdf>
(epstopdf)                    date: 2018-12-11 11:32:24
(epstopdf)                    size: 9240 bytes
(epstopdf)             Command: <repstopdf --outfile=pic/static-upper/upper_sea
rch_ali-eps-converted-to.pdf pic/static-upper/upper_search_ali.eps>
(epstopdf)             \includegraphics on input line 439.
Package epstopdf Info: Output file is already uptodate.
<pic/static-upper/upper_search_ali-eps-converted-to.pdf, id=256, 361.35pt x 361
.35pt>
File: pic/static-upper/upper_search_ali-eps-converted-to.pdf Graphic file (type
 pdf)
<use pic/static-upper/upper_search_ali-eps-converted-to.pdf>
Package pdftex.def Info: pic/static-upper/upper_search_ali-eps-converted-to.pdf
  used on input line 439.
(pdftex.def)             Requested size: 95.76123pt x 95.7573pt.
Package epstopdf Info: Source file: <pic/static-upper/upper_search_random.eps>
(epstopdf)                    date: 2018-12-11 11:29:04
(epstopdf)                    size: 45826 bytes
(epstopdf)             Output file: <pic/static-upper/upper_search_random-eps-c
onverted-to.pdf>
(epstopdf)                    date: 2018-12-11 11:32:24
(epstopdf)                    size: 9485 bytes
(epstopdf)             Command: <repstopdf --outfile=pic/static-upper/upper_sea
rch_random-eps-converted-to.pdf pic/static-upper/upper_search_random.eps>
(epstopdf)             \includegraphics on input line 444.
Package epstopdf Info: Output file is already uptodate.
<pic/static-upper/upper_search_random-eps-converted-to.pdf, id=257, 361.35pt x 
361.35pt>
File: pic/static-upper/upper_search_random-eps-converted-to.pdf Graphic file (t
ype pdf)
<use pic/static-upper/upper_search_random-eps-converted-to.pdf>
Package pdftex.def Info: pic/static-upper/upper_search_random-eps-converted-to.
pdf  used on input line 444.
(pdftex.def)             Requested size: 95.76123pt x 95.7573pt.

LaTeX Warning: Reference `fig:vary-alpha-time' on page 10 undefined on input li
ne 454.


LaTeX Warning: Reference `sec:exp:setup' on page 10 undefined on input line 455
.


LaTeX Warning: Reference `tab:fail:tw' on page 10 undefined on input line 456.


LaTeX Warning: Reference `tab:fail:com' on page 10 undefined on input line 456.



LaTeX Warning: Reference `sec:dyn' on page 10 undefined on input line 461.

[10 <./pic/static-profi/warp-eps-converted-to.pdf> <./pic/static-profi/L2-read-
eps-converted-to.pdf> <./pic/static-profi/memory-read-eps-converted-to.pdf>]
[11 <./pic/dynamic/twitter/diff_lower-eps-converted-to.pdf> <./pic/dynamic/redd
it/diff_lower-eps-converted-to.pdf> <./pic/dynamic/tpch/diff_lower-eps-converte
d-to.pdf> <./pic/dynamic/ali/diff_lower-eps-converted-to.pdf> <./pic/dynamic/ra
ndom/diff_lower-eps-converted-to.pdf> <./pic/dynamic/twitter/diff_upper-eps-con
verted-to.pdf> <./pic/dynamic/reddit/diff_upper-eps-converted-to.pdf> <./pic/dy
namic/tpch/diff_upper-eps-converted-to.pdf> <./pic/dynamic/ali/diff_upper-eps-c
onverted-to.pdf> <./pic/dynamic/random/diff_upper-eps-converted-to.pdf> <./pic/
dynamic/twitter/diff_r-eps-converted-to.pdf> <./pic/dynamic/reddit/diff_r-eps-c
onverted-to.pdf> <./pic/dynamic/tpch/diff_r-eps-converted-to.pdf> <./pic/dynami
c/ali/diff_r-eps-converted-to.pdf> <./pic/dynamic/random/diff_r-eps-converted-t
o.pdf> <./pic/dynamic/twitter/diff_batch_size-eps-converted-to.pdf> <./pic/dyna
mic/reddit/diff_batch_size-eps-converted-to.pdf> <./pic/dynamic/tpch/diff_batch
_size-eps-converted-to.pdf> <./pic/dynamic/ali/diff_batch_size-eps-converted-to
.pdf> <./pic/dynamic/random/diff_batch_size-eps-converted-to.pdf> <./pic/dynami
c-stability/dynamic-sta-twitter-eps-converted-to.pdf> <./pic/dynamic-stability/
dynamic-sta-reddit-eps-converted-to.pdf> <./pic/dynamic-stability/dynamic-sta-t
pch-eps-converted-to.pdf> <./pic/dynamic-stability/dynamic-sta-ali-eps-converte
d-to.pdf> <./pic/dynamic-stability/dynamic-sta-random-eps-converted-to.pdf>]

LaTeX Warning: Reference `fig:vary-beta' on page 12 undefined on input line 467
.


LaTeX Warning: Reference `fig:vary-r-time' on page 12 undefined on input line 4
77.


LaTeX Warning: Reference `fig:vary-batch-size' on page 12 undefined on input li
ne 483.


Underfull \vbox (badness 10000) has occurred while \output is active []



LaTeX Warning: Reference `fig:vary-alpha-stability' on page 12 undefined on inp
ut line 486.

) (./secs/conclusion.tex) (./secs/appendix.tex

LaTeX Warning: Reference `sec:exp:static' on page 12 undefined on input line 7.


[12 <./pic/static-upper/upper_insert_twitter-eps-converted-to.pdf> <./pic/stati
c-upper/upper_insert_reddit-eps-converted-to.pdf> <./pic/static-upper/upper_ins
ert_tpch-eps-converted-to.pdf> <./pic/static-upper/upper_insert_ali-eps-convert
ed-to.pdf> <./pic/static-upper/upper_insert_random-eps-converted-to.pdf> <./pic
/static-upper/upper_search_twitter-eps-converted-to.pdf> <./pic/static-upper/up
per_search_reddit-eps-converted-to.pdf> <./pic/static-upper/upper_search_tpch-e
ps-converted-to.pdf> <./pic/static-upper/upper_search_ali-eps-converted-to.pdf>
 <./pic/static-upper/upper_search_random-eps-converted-to.pdf>])
Underfull \vbox (badness 10000) has occurred while \output is active []


No file main.bbl.

Package balance Warning: You have called \balance in second column
(balance)                Columns might not be balanced.

[13

] (./main.aux)

LaTeX Font Warning: Some font shapes were not available, defaults substituted.


LaTeX Warning: There were undefined references.


LaTeX Warning: Label(s) may have changed. Rerun to get cross-references right.

 ) 
Here is how much of TeX's memory you used:
 15188 strings out of 492649
 299520 string characters out of 6129621
 360113 words of memory out of 5000000
 18665 multiletter control sequences out of 15000+600000
 24702 words of font info for 60 fonts, out of 8000000 for 9000
 1141 hyphenation exceptions out of 8191
 62i,10n,56p,1298b,345s stack positions out of 5000i,500n,10000p,200000b,80000s
{/usr/local/texlive/2018/texmf-dist/fonts/enc/dvips/base/8r.enc}</usr/local/t
exlive/2018/texmf-dist/fonts/type1/public/amsfonts/cm/cmbx8.pfb></usr/local/tex
live/2018/texmf-dist/fonts/type1/public/amsfonts/cm/cmbx9.pfb></usr/local/texli
ve/2018/texmf-dist/fonts/type1/public/amsfonts/cm/cmcsc10.pfb></usr/local/texli
ve/2018/texmf-dist/fonts/type1/public/amsfonts/cmextra/cmex9.pfb></usr/local/te
xlive/2018/texmf-dist/fonts/type1/public/amsfonts/cm/cmmi5.pfb></usr/local/texl
ive/2018/texmf-dist/fonts/type1/public/amsfonts/cm/cmmi6.pfb></usr/local/texliv
e/2018/texmf-dist/fonts/type1/public/amsfonts/cm/cmmi9.pfb></usr/local/texlive/
2018/texmf-dist/fonts/type1/public/amsfonts/cm/cmr5.pfb></usr/local/texlive/201
8/texmf-dist/fonts/type1/public/amsfonts/cm/cmr6.pfb></usr/local/texlive/2018/t
exmf-dist/fonts/type1/public/amsfonts/cm/cmr8.pfb></usr/local/texlive/2018/texm
f-dist/fonts/type1/public/amsfonts/cm/cmr9.pfb></usr/local/texlive/2018/texmf-d
ist/fonts/type1/public/amsfonts/cm/cmsy5.pfb></usr/local/texlive/2018/texmf-dis
t/fonts/type1/public/amsfonts/cm/cmsy6.pfb></usr/local/texlive/2018/texmf-dist/
fonts/type1/public/amsfonts/cm/cmsy9.pfb></usr/local/texlive/2018/texmf-dist/fo
nts/type1/public/amsfonts/cm/cmti8.pfb></usr/local/texlive/2018/texmf-dist/font
s/type1/public/amsfonts/cm/cmti9.pfb></usr/local/texlive/2018/texmf-dist/fonts/
type1/public/amsfonts/cm/cmtt9.pfb></usr/local/texlive/2018/texmf-dist/fonts/ty
pe1/urw/helvetic/uhvb8a.pfb></usr/local/texlive/2018/texmf-dist/fonts/type1/urw
/times/utmb8a.pfb></usr/local/texlive/2018/texmf-dist/fonts/type1/urw/times/utm
r8a.pfb></usr/local/texlive/2018/texmf-dist/fonts/type1/urw/times/utmri8a.pfb>
Output written on main.pdf (13 pages, 910724 bytes).
PDF statistics:
 705 PDF objects out of 1000 (max. 8388607)
 369 compressed objects within 4 object streams
 0 named destinations out of 1000 (max. 500000)
 268 words of extra memory for PDF output out of 10000 (max. 10000000)

